{"/Users/svenkeinath/Desktop/squares/models/board.js":{"path":"/Users/svenkeinath/Desktop/squares/models/board.js","s":{"1":1,"2":1,"3":27,"4":27,"5":27,"6":27,"7":27,"8":27,"9":27,"10":27,"11":27,"12":27,"13":27,"14":27,"15":27,"16":27,"17":27,"18":27,"19":27,"20":27,"21":27,"22":27,"23":27,"24":27,"25":27,"26":27,"27":27,"28":27,"29":27,"30":27,"31":27,"32":27,"33":27,"34":27,"35":27,"36":27,"37":27,"38":27,"39":27,"40":27,"41":27,"42":27,"43":27,"44":27,"45":27,"46":27,"47":27,"48":27,"49":27,"50":27,"51":27,"52":27,"53":27,"54":27,"55":27,"56":27,"57":27,"58":27,"59":27,"60":27,"61":27,"62":27,"63":27,"64":27,"65":27,"66":27,"67":27,"68":27,"69":27,"70":27,"71":27,"72":27,"73":27,"74":27,"75":27,"76":27,"77":27,"78":27,"79":27,"80":27,"81":27,"82":27,"83":27,"84":27,"85":27,"86":27,"87":27,"88":27,"89":27,"90":27,"91":27,"92":27,"93":27,"94":27,"95":27,"96":27,"97":27,"98":27,"99":27,"100":2,"101":87,"102":1,"103":1,"104":27,"105":0,"106":0,"107":0,"108":0,"109":1},"b":{"1":[1,86],"2":[0,0],"3":[0,0]},"f":{"1":27,"2":2,"3":0},"fnMap":{"1":{"name":"Board","line":3,"loc":{"start":{"line":3,"column":0},"end":{"line":3,"column":16}}},"2":{"name":"(anonymous_2)","line":122,"loc":{"start":{"line":122,"column":30},"end":{"line":122,"column":43}}},"3":{"name":"(anonymous_3)","line":131,"loc":{"start":{"line":131,"column":35},"end":{"line":131,"column":49}}}},"statementMap":{"1":{"start":{"line":1,"column":0},"end":{"line":1,"column":33}},"2":{"start":{"line":3,"column":0},"end":{"line":140,"column":1}},"3":{"start":{"line":4,"column":2},"end":{"line":4,"column":18}},"4":{"start":{"line":5,"column":2},"end":{"line":5,"column":17}},"5":{"start":{"line":6,"column":2},"end":{"line":6,"column":18}},"6":{"start":{"line":7,"column":2},"end":{"line":10,"column":30}},"7":{"start":{"line":11,"column":2},"end":{"line":11,"column":27}},"8":{"start":{"line":12,"column":2},"end":{"line":12,"column":29}},"9":{"start":{"line":14,"column":2},"end":{"line":14,"column":89}},"10":{"start":{"line":15,"column":2},"end":{"line":15,"column":89}},"11":{"start":{"line":16,"column":2},"end":{"line":16,"column":89}},"12":{"start":{"line":17,"column":2},"end":{"line":17,"column":89}},"13":{"start":{"line":18,"column":2},"end":{"line":18,"column":89}},"14":{"start":{"line":19,"column":2},"end":{"line":19,"column":89}},"15":{"start":{"line":20,"column":2},"end":{"line":20,"column":89}},"16":{"start":{"line":21,"column":2},"end":{"line":21,"column":89}},"17":{"start":{"line":22,"column":2},"end":{"line":22,"column":89}},"18":{"start":{"line":24,"column":2},"end":{"line":24,"column":99}},"19":{"start":{"line":26,"column":2},"end":{"line":26,"column":89}},"20":{"start":{"line":27,"column":2},"end":{"line":27,"column":89}},"21":{"start":{"line":28,"column":2},"end":{"line":28,"column":89}},"22":{"start":{"line":29,"column":2},"end":{"line":29,"column":89}},"23":{"start":{"line":30,"column":2},"end":{"line":30,"column":89}},"24":{"start":{"line":31,"column":2},"end":{"line":31,"column":89}},"25":{"start":{"line":32,"column":2},"end":{"line":32,"column":89}},"26":{"start":{"line":33,"column":2},"end":{"line":33,"column":89}},"27":{"start":{"line":34,"column":2},"end":{"line":34,"column":89}},"28":{"start":{"line":36,"column":2},"end":{"line":36,"column":107}},"29":{"start":{"line":38,"column":2},"end":{"line":38,"column":89}},"30":{"start":{"line":39,"column":2},"end":{"line":39,"column":89}},"31":{"start":{"line":40,"column":2},"end":{"line":40,"column":89}},"32":{"start":{"line":41,"column":2},"end":{"line":41,"column":89}},"33":{"start":{"line":42,"column":2},"end":{"line":42,"column":89}},"34":{"start":{"line":43,"column":2},"end":{"line":43,"column":89}},"35":{"start":{"line":44,"column":2},"end":{"line":44,"column":89}},"36":{"start":{"line":45,"column":2},"end":{"line":45,"column":89}},"37":{"start":{"line":46,"column":2},"end":{"line":46,"column":89}},"38":{"start":{"line":48,"column":2},"end":{"line":48,"column":108}},"39":{"start":{"line":50,"column":2},"end":{"line":50,"column":89}},"40":{"start":{"line":51,"column":2},"end":{"line":51,"column":89}},"41":{"start":{"line":52,"column":2},"end":{"line":52,"column":89}},"42":{"start":{"line":53,"column":2},"end":{"line":53,"column":89}},"43":{"start":{"line":54,"column":2},"end":{"line":54,"column":89}},"44":{"start":{"line":55,"column":2},"end":{"line":55,"column":89}},"45":{"start":{"line":56,"column":2},"end":{"line":56,"column":89}},"46":{"start":{"line":57,"column":2},"end":{"line":57,"column":89}},"47":{"start":{"line":58,"column":2},"end":{"line":58,"column":89}},"48":{"start":{"line":60,"column":2},"end":{"line":60,"column":108}},"49":{"start":{"line":62,"column":2},"end":{"line":62,"column":89}},"50":{"start":{"line":63,"column":2},"end":{"line":63,"column":89}},"51":{"start":{"line":64,"column":2},"end":{"line":64,"column":89}},"52":{"start":{"line":65,"column":2},"end":{"line":65,"column":89}},"53":{"start":{"line":66,"column":2},"end":{"line":66,"column":89}},"54":{"start":{"line":67,"column":2},"end":{"line":67,"column":89}},"55":{"start":{"line":68,"column":2},"end":{"line":68,"column":89}},"56":{"start":{"line":69,"column":2},"end":{"line":69,"column":89}},"57":{"start":{"line":70,"column":2},"end":{"line":70,"column":89}},"58":{"start":{"line":72,"column":2},"end":{"line":72,"column":108}},"59":{"start":{"line":74,"column":2},"end":{"line":74,"column":89}},"60":{"start":{"line":75,"column":2},"end":{"line":75,"column":89}},"61":{"start":{"line":76,"column":2},"end":{"line":76,"column":89}},"62":{"start":{"line":77,"column":2},"end":{"line":77,"column":89}},"63":{"start":{"line":78,"column":2},"end":{"line":78,"column":89}},"64":{"start":{"line":79,"column":2},"end":{"line":79,"column":89}},"65":{"start":{"line":80,"column":2},"end":{"line":80,"column":89}},"66":{"start":{"line":81,"column":2},"end":{"line":81,"column":89}},"67":{"start":{"line":82,"column":2},"end":{"line":82,"column":89}},"68":{"start":{"line":84,"column":2},"end":{"line":84,"column":108}},"69":{"start":{"line":86,"column":2},"end":{"line":86,"column":89}},"70":{"start":{"line":87,"column":2},"end":{"line":87,"column":89}},"71":{"start":{"line":88,"column":2},"end":{"line":88,"column":89}},"72":{"start":{"line":89,"column":2},"end":{"line":89,"column":89}},"73":{"start":{"line":90,"column":2},"end":{"line":90,"column":89}},"74":{"start":{"line":91,"column":2},"end":{"line":91,"column":89}},"75":{"start":{"line":92,"column":2},"end":{"line":92,"column":89}},"76":{"start":{"line":93,"column":2},"end":{"line":93,"column":89}},"77":{"start":{"line":94,"column":2},"end":{"line":94,"column":89}},"78":{"start":{"line":96,"column":2},"end":{"line":96,"column":108}},"79":{"start":{"line":98,"column":2},"end":{"line":98,"column":89}},"80":{"start":{"line":99,"column":2},"end":{"line":99,"column":89}},"81":{"start":{"line":100,"column":2},"end":{"line":100,"column":89}},"82":{"start":{"line":101,"column":2},"end":{"line":101,"column":89}},"83":{"start":{"line":102,"column":2},"end":{"line":102,"column":89}},"84":{"start":{"line":103,"column":2},"end":{"line":103,"column":89}},"85":{"start":{"line":104,"column":2},"end":{"line":104,"column":89}},"86":{"start":{"line":105,"column":2},"end":{"line":105,"column":89}},"87":{"start":{"line":106,"column":2},"end":{"line":106,"column":89}},"88":{"start":{"line":108,"column":2},"end":{"line":108,"column":108}},"89":{"start":{"line":110,"column":2},"end":{"line":110,"column":89}},"90":{"start":{"line":111,"column":2},"end":{"line":111,"column":89}},"91":{"start":{"line":112,"column":2},"end":{"line":112,"column":89}},"92":{"start":{"line":113,"column":2},"end":{"line":113,"column":89}},"93":{"start":{"line":114,"column":2},"end":{"line":114,"column":89}},"94":{"start":{"line":115,"column":2},"end":{"line":115,"column":89}},"95":{"start":{"line":116,"column":2},"end":{"line":116,"column":89}},"96":{"start":{"line":117,"column":2},"end":{"line":117,"column":89}},"97":{"start":{"line":118,"column":2},"end":{"line":118,"column":89}},"98":{"start":{"line":120,"column":2},"end":{"line":120,"column":108}},"99":{"start":{"line":122,"column":2},"end":{"line":129,"column":4}},"100":{"start":{"line":123,"column":4},"end":{"line":127,"column":5}},"101":{"start":{"line":124,"column":6},"end":{"line":126,"column":7}},"102":{"start":{"line":125,"column":8},"end":{"line":125,"column":29}},"103":{"start":{"line":128,"column":4},"end":{"line":128,"column":57}},"104":{"start":{"line":131,"column":2},"end":{"line":138,"column":3}},"105":{"start":{"line":132,"column":4},"end":{"line":136,"column":5}},"106":{"start":{"line":133,"column":6},"end":{"line":135,"column":7}},"107":{"start":{"line":134,"column":8},"end":{"line":134,"column":29}},"108":{"start":{"line":137,"column":4},"end":{"line":137,"column":66}},"109":{"start":{"line":142,"column":0},"end":{"line":142,"column":22}}},"branchMap":{"1":{"line":124,"type":"if","locations":[{"start":{"line":124,"column":6},"end":{"line":124,"column":6}},{"start":{"line":124,"column":6},"end":{"line":124,"column":6}}]},"2":{"line":133,"type":"if","locations":[{"start":{"line":133,"column":6},"end":{"line":133,"column":6}},{"start":{"line":133,"column":6},"end":{"line":133,"column":6}}]},"3":{"line":133,"type":"binary-expr","locations":[{"start":{"line":133,"column":9},"end":{"line":133,"column":39}},{"start":{"line":133,"column":43},"end":{"line":133,"column":73}}]}}},"/Users/svenkeinath/Desktop/squares/models/square.js":{"path":"/Users/svenkeinath/Desktop/squares/models/square.js","s":{"1":1,"2":2189,"3":2189,"4":2189,"5":2189,"6":2189,"7":2189,"8":28,"9":28,"10":27,"11":27,"12":28,"13":28,"14":27,"15":27,"16":1},"b":{"1":[28,27,28,27]},"f":{"1":2189},"fnMap":{"1":{"name":"Square","line":1,"loc":{"start":{"line":1,"column":0},"end":{"line":1,"column":57}}}},"statementMap":{"1":{"start":{"line":1,"column":0},"end":{"line":26,"column":1}},"2":{"start":{"line":2,"column":2},"end":{"line":2,"column":21}},"3":{"start":{"line":3,"column":2},"end":{"line":3,"column":25}},"4":{"start":{"line":4,"column":2},"end":{"line":4,"column":27}},"5":{"start":{"line":5,"column":2},"end":{"line":5,"column":18}},"6":{"start":{"line":6,"column":2},"end":{"line":6,"column":26}},"7":{"start":{"line":9,"column":2},"end":{"line":22,"column":3}},"8":{"start":{"line":11,"column":6},"end":{"line":11,"column":26}},"9":{"start":{"line":12,"column":6},"end":{"line":12,"column":12}},"10":{"start":{"line":14,"column":6},"end":{"line":14,"column":28}},"11":{"start":{"line":15,"column":6},"end":{"line":15,"column":12}},"12":{"start":{"line":17,"column":6},"end":{"line":17,"column":27}},"13":{"start":{"line":18,"column":6},"end":{"line":18,"column":12}},"14":{"start":{"line":20,"column":6},"end":{"line":20,"column":25}},"15":{"start":{"line":21,"column":6},"end":{"line":21,"column":12}},"16":{"start":{"line":28,"column":0},"end":{"line":28,"column":24}}},"branchMap":{"1":{"line":9,"type":"switch","locations":[{"start":{"line":10,"column":4},"end":{"line":12,"column":12}},{"start":{"line":13,"column":4},"end":{"line":15,"column":12}},{"start":{"line":16,"column":4},"end":{"line":18,"column":12}},{"start":{"line":19,"column":4},"end":{"line":21,"column":12}}]}}},"/Users/svenkeinath/Desktop/squares/models/match.js":{"path":"/Users/svenkeinath/Desktop/squares/models/match.js","s":{"1":1,"2":1,"3":1,"4":1,"5":1,"6":24,"7":24,"8":24,"9":24,"10":24,"11":24,"12":24,"13":24,"14":24,"15":1,"16":24,"17":24,"18":4486,"19":4486,"20":4486,"21":4486,"22":13519,"23":4462,"24":4486,"25":24,"26":24,"27":1,"28":20,"29":20,"30":11,"31":1,"32":20,"33":20,"34":10,"35":1,"36":1,"37":20,"38":0,"39":20,"40":1,"41":19,"42":1,"43":18,"44":18,"45":0,"46":1,"47":2,"48":3,"49":1,"50":1,"51":1,"52":2,"53":3,"54":1,"55":1,"56":1,"57":2,"58":3,"59":1,"60":1,"61":1},"b":{"1":[4462,9057],"2":[24,4462],"3":[1,10],"4":[10,10],"5":[1,0],"6":[0,20],"7":[1,19],"8":[1,18],"9":[0,18],"10":[1,2],"11":[1,2],"12":[1,2]},"f":{"1":24,"2":24,"3":20,"4":2,"5":2,"6":2},"fnMap":{"1":{"name":"Match","line":6,"loc":{"start":{"line":6,"column":0},"end":{"line":6,"column":16}}},"2":{"name":"(anonymous_2)","line":21,"loc":{"start":{"line":21,"column":21},"end":{"line":21,"column":31}}},"3":{"name":"(anonymous_3)","line":44,"loc":{"start":{"line":44,"column":28},"end":{"line":44,"column":45}}},"4":{"name":"(anonymous_4)","line":78,"loc":{"start":{"line":78,"column":28},"end":{"line":78,"column":49}}},"5":{"name":"(anonymous_5)","line":87,"loc":{"start":{"line":87,"column":35},"end":{"line":87,"column":57}}},"6":{"name":"(anonymous_6)","line":96,"loc":{"start":{"line":96,"column":34},"end":{"line":96,"column":45}}}},"statementMap":{"1":{"start":{"line":1,"column":0},"end":{"line":1,"column":49}},"2":{"start":{"line":2,"column":0},"end":{"line":2,"column":64}},"3":{"start":{"line":3,"column":0},"end":{"line":3,"column":74}},"4":{"start":{"line":4,"column":0},"end":{"line":4,"column":31}},"5":{"start":{"line":6,"column":0},"end":{"line":19,"column":1}},"6":{"start":{"line":7,"column":2},"end":{"line":7,"column":15}},"7":{"start":{"line":8,"column":2},"end":{"line":8,"column":20}},"8":{"start":{"line":9,"column":2},"end":{"line":9,"column":33}},"9":{"start":{"line":10,"column":2},"end":{"line":10,"column":62}},"10":{"start":{"line":11,"column":2},"end":{"line":11,"column":43}},"11":{"start":{"line":12,"column":2},"end":{"line":12,"column":55}},"12":{"start":{"line":13,"column":2},"end":{"line":13,"column":24}},"13":{"start":{"line":15,"column":2},"end":{"line":15,"column":29}},"14":{"start":{"line":18,"column":2},"end":{"line":18,"column":40}},"15":{"start":{"line":21,"column":0},"end":{"line":42,"column":2}},"16":{"start":{"line":22,"column":2},"end":{"line":25,"column":19}},"17":{"start":{"line":27,"column":2},"end":{"line":40,"column":3}},"18":{"start":{"line":28,"column":4},"end":{"line":28,"column":38}},"19":{"start":{"line":29,"column":4},"end":{"line":29,"column":80}},"20":{"start":{"line":31,"column":4},"end":{"line":31,"column":22}},"21":{"start":{"line":32,"column":4},"end":{"line":36,"column":5}},"22":{"start":{"line":33,"column":6},"end":{"line":35,"column":7}},"23":{"start":{"line":34,"column":8},"end":{"line":34,"column":25}},"24":{"start":{"line":37,"column":4},"end":{"line":39,"column":5}},"25":{"start":{"line":38,"column":6},"end":{"line":38,"column":20}},"26":{"start":{"line":41,"column":2},"end":{"line":41,"column":17}},"27":{"start":{"line":44,"column":0},"end":{"line":76,"column":2}},"28":{"start":{"line":45,"column":4},"end":{"line":45,"column":22}},"29":{"start":{"line":46,"column":4},"end":{"line":50,"column":5}},"30":{"start":{"line":47,"column":6},"end":{"line":49,"column":7}},"31":{"start":{"line":48,"column":8},"end":{"line":48,"column":29}},"32":{"start":{"line":51,"column":4},"end":{"line":51,"column":29}},"33":{"start":{"line":52,"column":4},"end":{"line":58,"column":5}},"34":{"start":{"line":53,"column":6},"end":{"line":57,"column":7}},"35":{"start":{"line":54,"column":8},"end":{"line":56,"column":9}},"36":{"start":{"line":55,"column":10},"end":{"line":55,"column":38}},"37":{"start":{"line":59,"column":4},"end":{"line":75,"column":5}},"38":{"start":{"line":60,"column":6},"end":{"line":60,"column":40}},"39":{"start":{"line":62,"column":9},"end":{"line":75,"column":5}},"40":{"start":{"line":63,"column":6},"end":{"line":63,"column":46}},"41":{"start":{"line":65,"column":9},"end":{"line":75,"column":5}},"42":{"start":{"line":66,"column":6},"end":{"line":66,"column":54}},"43":{"start":{"line":70,"column":6},"end":{"line":70,"column":32}},"44":{"start":{"line":71,"column":6},"end":{"line":74,"column":7}},"45":{"start":{"line":73,"column":8},"end":{"line":73,"column":55}},"46":{"start":{"line":78,"column":0},"end":{"line":85,"column":2}},"47":{"start":{"line":79,"column":2},"end":{"line":83,"column":3}},"48":{"start":{"line":80,"column":4},"end":{"line":82,"column":5}},"49":{"start":{"line":81,"column":6},"end":{"line":81,"column":29}},"50":{"start":{"line":84,"column":2},"end":{"line":84,"column":61}},"51":{"start":{"line":87,"column":0},"end":{"line":94,"column":2}},"52":{"start":{"line":88,"column":2},"end":{"line":92,"column":3}},"53":{"start":{"line":89,"column":4},"end":{"line":91,"column":5}},"54":{"start":{"line":90,"column":6},"end":{"line":90,"column":29}},"55":{"start":{"line":93,"column":2},"end":{"line":93,"column":64}},"56":{"start":{"line":96,"column":0},"end":{"line":103,"column":2}},"57":{"start":{"line":97,"column":2},"end":{"line":101,"column":3}},"58":{"start":{"line":98,"column":4},"end":{"line":100,"column":5}},"59":{"start":{"line":99,"column":6},"end":{"line":99,"column":29}},"60":{"start":{"line":102,"column":2},"end":{"line":102,"column":44}},"61":{"start":{"line":105,"column":0},"end":{"line":105,"column":22}}},"branchMap":{"1":{"line":33,"type":"if","locations":[{"start":{"line":33,"column":6},"end":{"line":33,"column":6}},{"start":{"line":33,"column":6},"end":{"line":33,"column":6}}]},"2":{"line":37,"type":"if","locations":[{"start":{"line":37,"column":4},"end":{"line":37,"column":4}},{"start":{"line":37,"column":4},"end":{"line":37,"column":4}}]},"3":{"line":47,"type":"if","locations":[{"start":{"line":47,"column":6},"end":{"line":47,"column":6}},{"start":{"line":47,"column":6},"end":{"line":47,"column":6}}]},"4":{"line":52,"type":"if","locations":[{"start":{"line":52,"column":4},"end":{"line":52,"column":4}},{"start":{"line":52,"column":4},"end":{"line":52,"column":4}}]},"5":{"line":54,"type":"if","locations":[{"start":{"line":54,"column":8},"end":{"line":54,"column":8}},{"start":{"line":54,"column":8},"end":{"line":54,"column":8}}]},"6":{"line":59,"type":"if","locations":[{"start":{"line":59,"column":4},"end":{"line":59,"column":4}},{"start":{"line":59,"column":4},"end":{"line":59,"column":4}}]},"7":{"line":62,"type":"if","locations":[{"start":{"line":62,"column":9},"end":{"line":62,"column":9}},{"start":{"line":62,"column":9},"end":{"line":62,"column":9}}]},"8":{"line":65,"type":"if","locations":[{"start":{"line":65,"column":9},"end":{"line":65,"column":9}},{"start":{"line":65,"column":9},"end":{"line":65,"column":9}}]},"9":{"line":71,"type":"if","locations":[{"start":{"line":71,"column":6},"end":{"line":71,"column":6}},{"start":{"line":71,"column":6},"end":{"line":71,"column":6}}]},"10":{"line":80,"type":"if","locations":[{"start":{"line":80,"column":4},"end":{"line":80,"column":4}},{"start":{"line":80,"column":4},"end":{"line":80,"column":4}}]},"11":{"line":89,"type":"if","locations":[{"start":{"line":89,"column":4},"end":{"line":89,"column":4}},{"start":{"line":89,"column":4},"end":{"line":89,"column":4}}]},"12":{"line":98,"type":"if","locations":[{"start":{"line":98,"column":4},"end":{"line":98,"column":4}},{"start":{"line":98,"column":4},"end":{"line":98,"column":4}}]}}},"/Users/svenkeinath/Desktop/squares/models/matchesManager.js":{"path":"/Users/svenkeinath/Desktop/squares/models/matchesManager.js","s":{"1":1,"2":1,"3":1,"4":24,"5":1,"6":23,"7":26,"8":21,"9":2,"10":1,"11":25,"12":25,"13":37,"14":24,"15":24,"16":24,"17":25,"18":1,"19":1,"20":1,"21":1,"22":1,"23":1,"24":1,"25":1,"26":1,"27":1},"b":{"1":[21,5],"2":[24,13],"3":[1,24],"4":[1,0]},"f":{"1":1,"2":24,"3":23,"4":25,"5":1,"6":1},"fnMap":{"1":{"name":"MatchesManager","line":1,"loc":{"start":{"line":1,"column":0},"end":{"line":1,"column":25}}},"2":{"name":"(anonymous_2)","line":5,"loc":{"start":{"line":5,"column":36},"end":{"line":5,"column":52}}},"3":{"name":"(anonymous_3)","line":9,"loc":{"start":{"line":9,"column":36},"end":{"line":9,"column":54}}},"4":{"name":"(anonymous_4)","line":18,"loc":{"start":{"line":18,"column":39},"end":{"line":18,"column":57}}},"5":{"name":"(anonymous_5)","line":34,"loc":{"start":{"line":34,"column":15},"end":{"line":34,"column":27}}},"6":{"name":"createInstance","line":37,"loc":{"start":{"line":37,"column":2},"end":{"line":37,"column":28}}}},"statementMap":{"1":{"start":{"line":1,"column":0},"end":{"line":3,"column":1}},"2":{"start":{"line":2,"column":2},"end":{"line":2,"column":20}},"3":{"start":{"line":5,"column":0},"end":{"line":7,"column":2}},"4":{"start":{"line":6,"column":2},"end":{"line":6,"column":27}},"5":{"start":{"line":9,"column":0},"end":{"line":16,"column":2}},"6":{"start":{"line":10,"column":2},"end":{"line":14,"column":3}},"7":{"start":{"line":11,"column":4},"end":{"line":13,"column":5}},"8":{"start":{"line":12,"column":6},"end":{"line":12,"column":29}},"9":{"start":{"line":15,"column":2},"end":{"line":15,"column":62}},"10":{"start":{"line":18,"column":0},"end":{"line":30,"column":2}},"11":{"start":{"line":19,"column":2},"end":{"line":19,"column":22}},"12":{"start":{"line":20,"column":2},"end":{"line":26,"column":3}},"13":{"start":{"line":21,"column":4},"end":{"line":25,"column":5}},"14":{"start":{"line":22,"column":6},"end":{"line":22,"column":56}},"15":{"start":{"line":23,"column":6},"end":{"line":23,"column":36}},"16":{"start":{"line":24,"column":6},"end":{"line":24,"column":21}},"17":{"start":{"line":27,"column":2},"end":{"line":29,"column":3}},"18":{"start":{"line":28,"column":4},"end":{"line":28,"column":64}},"19":{"start":{"line":34,"column":0},"end":{"line":45,"column":5}},"20":{"start":{"line":35,"column":2},"end":{"line":35,"column":15}},"21":{"start":{"line":37,"column":2},"end":{"line":40,"column":3}},"22":{"start":{"line":38,"column":6},"end":{"line":38,"column":44}},"23":{"start":{"line":39,"column":6},"end":{"line":39,"column":24}},"24":{"start":{"line":41,"column":2},"end":{"line":43,"column":3}},"25":{"start":{"line":42,"column":6},"end":{"line":42,"column":34}},"26":{"start":{"line":44,"column":2},"end":{"line":44,"column":18}},"27":{"start":{"line":48,"column":0},"end":{"line":48,"column":26}}},"branchMap":{"1":{"line":11,"type":"if","locations":[{"start":{"line":11,"column":4},"end":{"line":11,"column":4}},{"start":{"line":11,"column":4},"end":{"line":11,"column":4}}]},"2":{"line":21,"type":"if","locations":[{"start":{"line":21,"column":4},"end":{"line":21,"column":4}},{"start":{"line":21,"column":4},"end":{"line":21,"column":4}}]},"3":{"line":27,"type":"if","locations":[{"start":{"line":27,"column":2},"end":{"line":27,"column":2}},{"start":{"line":27,"column":2},"end":{"line":27,"column":2}}]},"4":{"line":41,"type":"if","locations":[{"start":{"line":41,"column":2},"end":{"line":41,"column":2}},{"start":{"line":41,"column":2},"end":{"line":41,"column":2}}]}}},"/Users/svenkeinath/Desktop/squares/controllers/matchController.js":{"path":"/Users/svenkeinath/Desktop/squares/controllers/matchController.js","s":{"1":1,"2":1,"3":1,"4":1,"5":1,"6":24,"7":1,"8":0,"9":1,"10":1,"11":0,"12":0,"13":0,"14":0,"15":0,"16":0,"17":0,"18":0,"19":0,"20":0,"21":0,"22":0,"23":1,"24":1,"25":0,"26":0,"27":0,"28":0,"29":0,"30":0,"31":0,"32":1,"33":1,"34":0,"35":0,"36":0,"37":0,"38":0,"39":0,"40":0,"41":0,"42":0,"43":0,"44":0,"45":0,"46":0,"47":0,"48":0,"49":0,"50":0,"51":0,"52":0,"53":1},"b":{"1":[0,0],"2":[0,0],"3":[0,0],"4":[0,0],"5":[0,0]},"f":{"1":24,"2":0,"3":0,"4":0,"5":0,"6":0,"7":0,"8":0,"9":0,"10":0,"11":0},"fnMap":{"1":{"name":"MatchController","line":6,"loc":{"start":{"line":6,"column":0},"end":{"line":6,"column":31}}},"2":{"name":"(anonymous_2)","line":10,"loc":{"start":{"line":10,"column":37},"end":{"line":10,"column":47}}},"3":{"name":"(anonymous_3)","line":14,"loc":{"start":{"line":14,"column":38},"end":{"line":14,"column":65}}},"4":{"name":"decrementCountdown","line":15,"loc":{"start":{"line":15,"column":2},"end":{"line":15,"column":32}}},"5":{"name":"(anonymous_5)","line":17,"loc":{"start":{"line":17,"column":15},"end":{"line":17,"column":25}}},"6":{"name":"(anonymous_6)","line":36,"loc":{"start":{"line":36,"column":34},"end":{"line":36,"column":52}}},"7":{"name":"durationDecrement","line":37,"loc":{"start":{"line":37,"column":2},"end":{"line":37,"column":30}}},"8":{"name":"(anonymous_8)","line":38,"loc":{"start":{"line":38,"column":15},"end":{"line":38,"column":26}}},"9":{"name":"(anonymous_9)","line":52,"loc":{"start":{"line":52,"column":40},"end":{"line":52,"column":50}}},"10":{"name":"tick","line":53,"loc":{"start":{"line":53,"column":2},"end":{"line":53,"column":17}}},"11":{"name":"(anonymous_11)","line":76,"loc":{"start":{"line":76,"column":21},"end":{"line":76,"column":37}}}},"statementMap":{"1":{"start":{"line":1,"column":0},"end":{"line":1,"column":41}},"2":{"start":{"line":2,"column":0},"end":{"line":2,"column":62}},"3":{"start":{"line":3,"column":0},"end":{"line":3,"column":63}},"4":{"start":{"line":4,"column":0},"end":{"line":4,"column":63}},"5":{"start":{"line":6,"column":0},"end":{"line":8,"column":1}},"6":{"start":{"line":7,"column":2},"end":{"line":7,"column":21}},"7":{"start":{"line":10,"column":0},"end":{"line":12,"column":1}},"8":{"start":{"line":11,"column":2},"end":{"line":11,"column":47}},"9":{"start":{"line":14,"column":0},"end":{"line":34,"column":1}},"10":{"start":{"line":15,"column":2},"end":{"line":31,"column":3}},"11":{"start":{"line":16,"column":4},"end":{"line":16,"column":34}},"12":{"start":{"line":17,"column":4},"end":{"line":30,"column":13}},"13":{"start":{"line":18,"column":6},"end":{"line":18,"column":66}},"14":{"start":{"line":19,"column":6},"end":{"line":19,"column":65}},"15":{"start":{"line":20,"column":6},"end":{"line":29,"column":7}},"16":{"start":{"line":21,"column":8},"end":{"line":21,"column":32}},"17":{"start":{"line":22,"column":8},"end":{"line":22,"column":50}},"18":{"start":{"line":26,"column":8},"end":{"line":26,"column":34}},"19":{"start":{"line":27,"column":8},"end":{"line":27,"column":40}},"20":{"start":{"line":28,"column":8},"end":{"line":28,"column":27}},"21":{"start":{"line":32,"column":2},"end":{"line":32,"column":18}},"22":{"start":{"line":33,"column":2},"end":{"line":33,"column":24}},"23":{"start":{"line":36,"column":0},"end":{"line":50,"column":1}},"24":{"start":{"line":37,"column":2},"end":{"line":47,"column":3}},"25":{"start":{"line":38,"column":4},"end":{"line":46,"column":13}},"26":{"start":{"line":39,"column":6},"end":{"line":39,"column":28}},"27":{"start":{"line":40,"column":6},"end":{"line":45,"column":7}},"28":{"start":{"line":41,"column":8},"end":{"line":41,"column":28}},"29":{"start":{"line":44,"column":8},"end":{"line":44,"column":35}},"30":{"start":{"line":48,"column":2},"end":{"line":48,"column":18}},"31":{"start":{"line":49,"column":2},"end":{"line":49,"column":22}},"32":{"start":{"line":52,"column":0},"end":{"line":89,"column":1}},"33":{"start":{"line":53,"column":2},"end":{"line":86,"column":3}},"34":{"start":{"line":54,"column":4},"end":{"line":85,"column":5}},"35":{"start":{"line":55,"column":6},"end":{"line":55,"column":36}},"36":{"start":{"line":58,"column":6},"end":{"line":58,"column":41}},"37":{"start":{"line":60,"column":6},"end":{"line":60,"column":55}},"38":{"start":{"line":62,"column":6},"end":{"line":62,"column":59}},"39":{"start":{"line":65,"column":6},"end":{"line":65,"column":69}},"40":{"start":{"line":66,"column":6},"end":{"line":66,"column":73}},"41":{"start":{"line":67,"column":6},"end":{"line":67,"column":71}},"42":{"start":{"line":68,"column":6},"end":{"line":68,"column":67}},"43":{"start":{"line":71,"column":6},"end":{"line":75,"column":7}},"44":{"start":{"line":72,"column":8},"end":{"line":74,"column":9}},"45":{"start":{"line":73,"column":10},"end":{"line":73,"column":30}},"46":{"start":{"line":76,"column":6},"end":{"line":82,"column":7}},"47":{"start":{"line":77,"column":8},"end":{"line":81,"column":9}},"48":{"start":{"line":78,"column":10},"end":{"line":80,"column":11}},"49":{"start":{"line":79,"column":12},"end":{"line":79,"column":49}},"50":{"start":{"line":84,"column":6},"end":{"line":84,"column":55}},"51":{"start":{"line":87,"column":2},"end":{"line":87,"column":18}},"52":{"start":{"line":88,"column":2},"end":{"line":88,"column":46}},"53":{"start":{"line":91,"column":0},"end":{"line":91,"column":42}}},"branchMap":{"1":{"line":20,"type":"if","locations":[{"start":{"line":20,"column":6},"end":{"line":20,"column":6}},{"start":{"line":20,"column":6},"end":{"line":20,"column":6}}]},"2":{"line":40,"type":"if","locations":[{"start":{"line":40,"column":6},"end":{"line":40,"column":6}},{"start":{"line":40,"column":6},"end":{"line":40,"column":6}}]},"3":{"line":54,"type":"if","locations":[{"start":{"line":54,"column":4},"end":{"line":54,"column":4}},{"start":{"line":54,"column":4},"end":{"line":54,"column":4}}]},"4":{"line":72,"type":"if","locations":[{"start":{"line":72,"column":8},"end":{"line":72,"column":8}},{"start":{"line":72,"column":8},"end":{"line":72,"column":8}}]},"5":{"line":78,"type":"if","locations":[{"start":{"line":78,"column":10},"end":{"line":78,"column":10}},{"start":{"line":78,"column":10},"end":{"line":78,"column":10}}]}}},"/Users/svenkeinath/Desktop/squares/clientInterface/matchSockets.js":{"path":"/Users/svenkeinath/Desktop/squares/clientInterface/matchSockets.js","s":{"1":1,"2":1,"3":0,"4":1,"5":0,"6":0,"7":0,"8":0,"9":0,"10":0,"11":0,"12":0,"13":0,"14":0,"15":0,"16":0,"17":0,"18":0,"19":0,"20":0,"21":0,"22":0,"23":0,"24":0,"25":1,"26":0,"27":0,"28":0,"29":1,"30":0,"31":0,"32":0,"33":0,"34":0,"35":0,"36":0,"37":1,"38":0,"39":0,"40":0,"41":0,"42":0,"43":1,"44":0,"45":0,"46":0,"47":0,"48":0,"49":1,"50":0,"51":0,"52":1,"53":1,"54":1,"55":1,"56":1,"57":1},"b":{"1":[0,0]},"f":{"1":0,"2":0,"3":0,"4":0,"5":0,"6":0,"7":0,"8":0,"9":0,"10":0,"11":0,"12":0},"fnMap":{"1":{"name":"respond","line":7,"loc":{"start":{"line":7,"column":0},"end":{"line":7,"column":28}}},"2":{"name":"(anonymous_2)","line":9,"loc":{"start":{"line":9,"column":29},"end":{"line":9,"column":43}}},"3":{"name":"playerJoined","line":10,"loc":{"start":{"line":10,"column":4},"end":{"line":10,"column":27}}},"4":{"name":"(anonymous_4)","line":28,"loc":{"start":{"line":28,"column":21},"end":{"line":28,"column":35}}},"5":{"name":"(anonymous_5)","line":33,"loc":{"start":{"line":33,"column":19},"end":{"line":33,"column":33}}},"6":{"name":"(anonymous_6)","line":38,"loc":{"start":{"line":38,"column":22},"end":{"line":38,"column":36}}},"7":{"name":"(anonymous_7)","line":43,"loc":{"start":{"line":43,"column":21},"end":{"line":43,"column":35}}},"8":{"name":"sendPlayerConnectedEvent","line":54,"loc":{"start":{"line":54,"column":0},"end":{"line":54,"column":50}}},"9":{"name":"sendPrepareGameEvent","line":64,"loc":{"start":{"line":64,"column":0},"end":{"line":64,"column":38}}},"10":{"name":"sendUpdateBoardEvent","line":80,"loc":{"start":{"line":80,"column":0},"end":{"line":80,"column":38}}},"11":{"name":"sendUpdateScoreEvent","line":91,"loc":{"start":{"line":91,"column":0},"end":{"line":91,"column":38}}},"12":{"name":"sendCountdownEvent","line":104,"loc":{"start":{"line":104,"column":0},"end":{"line":104,"column":49}}}},"statementMap":{"1":{"start":{"line":1,"column":0},"end":{"line":1,"column":57}},"2":{"start":{"line":7,"column":0},"end":{"line":47,"column":1}},"3":{"start":{"line":9,"column":2},"end":{"line":26,"column":5}},"4":{"start":{"line":10,"column":4},"end":{"line":19,"column":5}},"5":{"start":{"line":12,"column":6},"end":{"line":12,"column":48}},"6":{"start":{"line":15,"column":6},"end":{"line":18,"column":7}},"7":{"start":{"line":16,"column":8},"end":{"line":16,"column":43}},"8":{"start":{"line":17,"column":8},"end":{"line":17,"column":46}},"9":{"start":{"line":20,"column":4},"end":{"line":20,"column":99}},"10":{"start":{"line":21,"column":4},"end":{"line":21,"column":72}},"11":{"start":{"line":23,"column":4},"end":{"line":23,"column":36}},"12":{"start":{"line":25,"column":4},"end":{"line":25,"column":71}},"13":{"start":{"line":28,"column":2},"end":{"line":31,"column":5}},"14":{"start":{"line":29,"column":4},"end":{"line":29,"column":99}},"15":{"start":{"line":30,"column":4},"end":{"line":30,"column":45}},"16":{"start":{"line":33,"column":2},"end":{"line":36,"column":5}},"17":{"start":{"line":34,"column":4},"end":{"line":34,"column":99}},"18":{"start":{"line":35,"column":4},"end":{"line":35,"column":43}},"19":{"start":{"line":38,"column":2},"end":{"line":41,"column":5}},"20":{"start":{"line":39,"column":4},"end":{"line":39,"column":99}},"21":{"start":{"line":40,"column":4},"end":{"line":40,"column":46}},"22":{"start":{"line":43,"column":2},"end":{"line":46,"column":5}},"23":{"start":{"line":44,"column":4},"end":{"line":44,"column":99}},"24":{"start":{"line":45,"column":4},"end":{"line":45,"column":45}},"25":{"start":{"line":54,"column":0},"end":{"line":61,"column":1}},"26":{"start":{"line":55,"column":2},"end":{"line":57,"column":46}},"27":{"start":{"line":58,"column":2},"end":{"line":60,"column":3}},"28":{"start":{"line":59,"column":4},"end":{"line":59,"column":111}},"29":{"start":{"line":64,"column":0},"end":{"line":77,"column":1}},"30":{"start":{"line":65,"column":2},"end":{"line":65,"column":61}},"31":{"start":{"line":66,"column":2},"end":{"line":66,"column":28}},"32":{"start":{"line":67,"column":2},"end":{"line":72,"column":3}},"33":{"start":{"line":68,"column":4},"end":{"line":71,"column":6}},"34":{"start":{"line":73,"column":2},"end":{"line":76,"column":3}},"35":{"start":{"line":74,"column":4},"end":{"line":74,"column":78}},"36":{"start":{"line":75,"column":4},"end":{"line":75,"column":112}},"37":{"start":{"line":80,"column":0},"end":{"line":88,"column":1}},"38":{"start":{"line":81,"column":2},"end":{"line":81,"column":55}},"39":{"start":{"line":82,"column":2},"end":{"line":83,"column":32}},"40":{"start":{"line":84,"column":2},"end":{"line":87,"column":3}},"41":{"start":{"line":85,"column":4},"end":{"line":85,"column":78}},"42":{"start":{"line":86,"column":4},"end":{"line":86,"column":89}},"43":{"start":{"line":91,"column":0},"end":{"line":101,"column":1}},"44":{"start":{"line":92,"column":2},"end":{"line":92,"column":55}},"45":{"start":{"line":93,"column":2},"end":{"line":96,"column":47}},"46":{"start":{"line":97,"column":2},"end":{"line":100,"column":3}},"47":{"start":{"line":98,"column":4},"end":{"line":98,"column":78}},"48":{"start":{"line":99,"column":4},"end":{"line":99,"column":89}},"49":{"start":{"line":104,"column":0},"end":{"line":108,"column":1}},"50":{"start":{"line":105,"column":2},"end":{"line":107,"column":3}},"51":{"start":{"line":106,"column":4},"end":{"line":106,"column":94}},"52":{"start":{"line":110,"column":0},"end":{"line":110,"column":26}},"53":{"start":{"line":111,"column":0},"end":{"line":111,"column":60}},"54":{"start":{"line":112,"column":0},"end":{"line":112,"column":52}},"55":{"start":{"line":113,"column":0},"end":{"line":113,"column":52}},"56":{"start":{"line":114,"column":0},"end":{"line":114,"column":52}},"57":{"start":{"line":115,"column":0},"end":{"line":115,"column":48}}},"branchMap":{"1":{"line":15,"type":"if","locations":[{"start":{"line":15,"column":6},"end":{"line":15,"column":6}},{"start":{"line":15,"column":6},"end":{"line":15,"column":6}}]}}},"/Users/svenkeinath/Desktop/squares/controllers/matchTicker/positionUpdater.js":{"path":"/Users/svenkeinath/Desktop/squares/controllers/matchTicker/positionUpdater.js","s":{"1":1,"2":0,"3":0,"4":0,"5":0,"6":0,"7":0,"8":0,"9":0,"10":0,"11":1,"12":0,"13":0,"14":0,"15":0,"16":0,"17":0,"18":0,"19":0,"20":0,"21":0,"22":0,"23":0,"24":0,"25":0,"26":0,"27":0,"28":0,"29":0,"30":0,"31":0,"32":0,"33":0,"34":0,"35":0,"36":0,"37":0,"38":0,"39":0,"40":0,"41":0,"42":0,"43":0,"44":0,"45":0,"46":0,"47":0,"48":0,"49":0,"50":0,"51":0,"52":0,"53":0,"54":0,"55":0,"56":0,"57":0,"58":0,"59":0,"60":0,"61":0,"62":0,"63":0,"64":0,"65":0,"66":0,"67":0,"68":0,"69":0,"70":0,"71":0,"72":0,"73":0,"74":0,"75":0,"76":0,"77":0,"78":0,"79":0,"80":0,"81":0,"82":0,"83":0,"84":0,"85":1,"86":0,"87":0,"88":0,"89":0,"90":0,"91":0,"92":0,"93":0,"94":0,"95":0,"96":0,"97":0,"98":0,"99":0,"100":0,"101":0,"102":0,"103":0,"104":1},"b":{"1":[0,0],"2":[0,0],"3":[0,0],"4":[0,0],"5":[0,0],"6":[0,0],"7":[0,0],"8":[0,0],"9":[0,0],"10":[0,0],"11":[0,0],"12":[0,0],"13":[0,0],"14":[0,0],"15":[0,0],"16":[0,0],"17":[0,0],"18":[0,0],"19":[0,0],"20":[0,0],"21":[0,0],"22":[0,0],"23":[0,0],"24":[0,0],"25":[0,0],"26":[0,0],"27":[0,0],"28":[0,0],"29":[0,0],"30":[0,0],"31":[0,0],"32":[0,0],"33":[0,0],"34":[0,0],"35":[0,0],"36":[0,0],"37":[0,0],"38":[0,0],"39":[0,0],"40":[0,0],"41":[0,0,0,0,0],"42":[0,0],"43":[0,0],"44":[0,0],"45":[0,0]},"f":{"1":0,"2":0,"3":0},"fnMap":{"1":{"name":"(anonymous_1)","line":2,"loc":{"start":{"line":2,"column":9},"end":{"line":2,"column":24}}},"2":{"name":"(anonymous_2)","line":18,"loc":{"start":{"line":18,"column":24},"end":{"line":18,"column":39}}},"3":{"name":"(anonymous_3)","line":145,"loc":{"start":{"line":145,"column":16},"end":{"line":145,"column":65}}}},"statementMap":{"1":{"start":{"line":2,"column":0},"end":{"line":16,"column":1}},"2":{"start":{"line":3,"column":2},"end":{"line":3,"column":47}},"3":{"start":{"line":6,"column":2},"end":{"line":6,"column":59}},"4":{"start":{"line":7,"column":2},"end":{"line":7,"column":63}},"5":{"start":{"line":8,"column":2},"end":{"line":8,"column":61}},"6":{"start":{"line":9,"column":2},"end":{"line":9,"column":57}},"7":{"start":{"line":12,"column":2},"end":{"line":12,"column":55}},"8":{"start":{"line":13,"column":2},"end":{"line":13,"column":59}},"9":{"start":{"line":14,"column":2},"end":{"line":14,"column":57}},"10":{"start":{"line":15,"column":2},"end":{"line":15,"column":53}},"11":{"start":{"line":18,"column":0},"end":{"line":143,"column":1}},"12":{"start":{"line":22,"column":2},"end":{"line":22,"column":60}},"13":{"start":{"line":23,"column":2},"end":{"line":23,"column":64}},"14":{"start":{"line":24,"column":2},"end":{"line":24,"column":62}},"15":{"start":{"line":25,"column":2},"end":{"line":25,"column":58}},"16":{"start":{"line":28,"column":2},"end":{"line":28,"column":107}},"17":{"start":{"line":29,"column":2},"end":{"line":29,"column":113}},"18":{"start":{"line":30,"column":2},"end":{"line":30,"column":110}},"19":{"start":{"line":31,"column":2},"end":{"line":31,"column":104}},"20":{"start":{"line":34,"column":2},"end":{"line":34,"column":43}},"21":{"start":{"line":35,"column":2},"end":{"line":35,"column":46}},"22":{"start":{"line":35,"column":33},"end":{"line":35,"column":46}},"23":{"start":{"line":36,"column":2},"end":{"line":36,"column":52}},"24":{"start":{"line":36,"column":37},"end":{"line":36,"column":52}},"25":{"start":{"line":37,"column":2},"end":{"line":37,"column":49}},"26":{"start":{"line":37,"column":35},"end":{"line":37,"column":49}},"27":{"start":{"line":38,"column":2},"end":{"line":38,"column":43}},"28":{"start":{"line":38,"column":31},"end":{"line":38,"column":43}},"29":{"start":{"line":41,"column":2},"end":{"line":56,"column":3}},"30":{"start":{"line":42,"column":4},"end":{"line":55,"column":5}},"31":{"start":{"line":43,"column":6},"end":{"line":48,"column":7}},"32":{"start":{"line":44,"column":8},"end":{"line":44,"column":33}},"33":{"start":{"line":47,"column":8},"end":{"line":47,"column":37}},"34":{"start":{"line":50,"column":9},"end":{"line":55,"column":5}},"35":{"start":{"line":51,"column":6},"end":{"line":51,"column":35}},"36":{"start":{"line":53,"column":9},"end":{"line":55,"column":5}},"37":{"start":{"line":54,"column":6},"end":{"line":54,"column":31}},"38":{"start":{"line":57,"column":2},"end":{"line":72,"column":3}},"39":{"start":{"line":58,"column":4},"end":{"line":71,"column":5}},"40":{"start":{"line":59,"column":6},"end":{"line":64,"column":7}},"41":{"start":{"line":60,"column":8},"end":{"line":60,"column":33}},"42":{"start":{"line":63,"column":8},"end":{"line":63,"column":31}},"43":{"start":{"line":66,"column":9},"end":{"line":71,"column":5}},"44":{"start":{"line":67,"column":6},"end":{"line":67,"column":29}},"45":{"start":{"line":69,"column":9},"end":{"line":71,"column":5}},"46":{"start":{"line":70,"column":6},"end":{"line":70,"column":31}},"47":{"start":{"line":73,"column":2},"end":{"line":88,"column":3}},"48":{"start":{"line":74,"column":4},"end":{"line":87,"column":5}},"49":{"start":{"line":75,"column":6},"end":{"line":80,"column":7}},"50":{"start":{"line":76,"column":8},"end":{"line":76,"column":33}},"51":{"start":{"line":79,"column":8},"end":{"line":79,"column":35}},"52":{"start":{"line":82,"column":9},"end":{"line":87,"column":5}},"53":{"start":{"line":83,"column":6},"end":{"line":83,"column":33}},"54":{"start":{"line":85,"column":9},"end":{"line":87,"column":5}},"55":{"start":{"line":86,"column":6},"end":{"line":86,"column":31}},"56":{"start":{"line":89,"column":2},"end":{"line":104,"column":3}},"57":{"start":{"line":90,"column":4},"end":{"line":103,"column":5}},"58":{"start":{"line":91,"column":6},"end":{"line":96,"column":7}},"59":{"start":{"line":92,"column":8},"end":{"line":92,"column":31}},"60":{"start":{"line":95,"column":8},"end":{"line":95,"column":35}},"61":{"start":{"line":98,"column":9},"end":{"line":103,"column":5}},"62":{"start":{"line":99,"column":6},"end":{"line":99,"column":33}},"63":{"start":{"line":101,"column":9},"end":{"line":103,"column":5}},"64":{"start":{"line":102,"column":6},"end":{"line":102,"column":29}},"65":{"start":{"line":105,"column":2},"end":{"line":120,"column":3}},"66":{"start":{"line":106,"column":4},"end":{"line":119,"column":5}},"67":{"start":{"line":107,"column":6},"end":{"line":112,"column":7}},"68":{"start":{"line":108,"column":8},"end":{"line":108,"column":31}},"69":{"start":{"line":111,"column":8},"end":{"line":111,"column":37}},"70":{"start":{"line":114,"column":9},"end":{"line":119,"column":5}},"71":{"start":{"line":115,"column":6},"end":{"line":115,"column":35}},"72":{"start":{"line":117,"column":9},"end":{"line":119,"column":5}},"73":{"start":{"line":118,"column":6},"end":{"line":118,"column":29}},"74":{"start":{"line":121,"column":2},"end":{"line":136,"column":3}},"75":{"start":{"line":122,"column":4},"end":{"line":135,"column":5}},"76":{"start":{"line":123,"column":6},"end":{"line":128,"column":7}},"77":{"start":{"line":124,"column":8},"end":{"line":124,"column":35}},"78":{"start":{"line":127,"column":8},"end":{"line":127,"column":37}},"79":{"start":{"line":130,"column":9},"end":{"line":135,"column":5}},"80":{"start":{"line":131,"column":6},"end":{"line":131,"column":35}},"81":{"start":{"line":133,"column":9},"end":{"line":135,"column":5}},"82":{"start":{"line":134,"column":6},"end":{"line":134,"column":33}},"83":{"start":{"line":138,"column":2},"end":{"line":141,"column":19}},"84":{"start":{"line":142,"column":2},"end":{"line":142,"column":19}},"85":{"start":{"line":145,"column":0},"end":{"line":182,"column":1}},"86":{"start":{"line":146,"column":2},"end":{"line":181,"column":3}},"87":{"start":{"line":148,"column":6},"end":{"line":153,"column":7}},"88":{"start":{"line":149,"column":8},"end":{"line":149,"column":33}},"89":{"start":{"line":152,"column":8},"end":{"line":152,"column":31}},"90":{"start":{"line":154,"column":6},"end":{"line":154,"column":12}},"91":{"start":{"line":156,"column":6},"end":{"line":161,"column":7}},"92":{"start":{"line":157,"column":8},"end":{"line":157,"column":43}},"93":{"start":{"line":160,"column":8},"end":{"line":160,"column":31}},"94":{"start":{"line":162,"column":6},"end":{"line":162,"column":12}},"95":{"start":{"line":164,"column":6},"end":{"line":169,"column":7}},"96":{"start":{"line":165,"column":8},"end":{"line":165,"column":33}},"97":{"start":{"line":168,"column":8},"end":{"line":168,"column":31}},"98":{"start":{"line":170,"column":6},"end":{"line":170,"column":12}},"99":{"start":{"line":172,"column":6},"end":{"line":177,"column":7}},"100":{"start":{"line":173,"column":8},"end":{"line":173,"column":43}},"101":{"start":{"line":176,"column":8},"end":{"line":176,"column":31}},"102":{"start":{"line":178,"column":6},"end":{"line":178,"column":12}},"103":{"start":{"line":180,"column":6},"end":{"line":180,"column":29}},"104":{"start":{"line":184,"column":0},"end":{"line":184,"column":24}}},"branchMap":{"1":{"line":35,"type":"if","locations":[{"start":{"line":35,"column":2},"end":{"line":35,"column":2}},{"start":{"line":35,"column":2},"end":{"line":35,"column":2}}]},"2":{"line":36,"type":"if","locations":[{"start":{"line":36,"column":2},"end":{"line":36,"column":2}},{"start":{"line":36,"column":2},"end":{"line":36,"column":2}}]},"3":{"line":37,"type":"if","locations":[{"start":{"line":37,"column":2},"end":{"line":37,"column":2}},{"start":{"line":37,"column":2},"end":{"line":37,"column":2}}]},"4":{"line":38,"type":"if","locations":[{"start":{"line":38,"column":2},"end":{"line":38,"column":2}},{"start":{"line":38,"column":2},"end":{"line":38,"column":2}}]},"5":{"line":41,"type":"if","locations":[{"start":{"line":41,"column":2},"end":{"line":41,"column":2}},{"start":{"line":41,"column":2},"end":{"line":41,"column":2}}]},"6":{"line":42,"type":"if","locations":[{"start":{"line":42,"column":4},"end":{"line":42,"column":4}},{"start":{"line":42,"column":4},"end":{"line":42,"column":4}}]},"7":{"line":42,"type":"binary-expr","locations":[{"start":{"line":42,"column":7},"end":{"line":42,"column":13}},{"start":{"line":42,"column":17},"end":{"line":42,"column":25}}]},"8":{"line":43,"type":"if","locations":[{"start":{"line":43,"column":6},"end":{"line":43,"column":6}},{"start":{"line":43,"column":6},"end":{"line":43,"column":6}}]},"9":{"line":50,"type":"if","locations":[{"start":{"line":50,"column":9},"end":{"line":50,"column":9}},{"start":{"line":50,"column":9},"end":{"line":50,"column":9}}]},"10":{"line":53,"type":"if","locations":[{"start":{"line":53,"column":9},"end":{"line":53,"column":9}},{"start":{"line":53,"column":9},"end":{"line":53,"column":9}}]},"11":{"line":57,"type":"if","locations":[{"start":{"line":57,"column":2},"end":{"line":57,"column":2}},{"start":{"line":57,"column":2},"end":{"line":57,"column":2}}]},"12":{"line":58,"type":"if","locations":[{"start":{"line":58,"column":4},"end":{"line":58,"column":4}},{"start":{"line":58,"column":4},"end":{"line":58,"column":4}}]},"13":{"line":58,"type":"binary-expr","locations":[{"start":{"line":58,"column":7},"end":{"line":58,"column":13}},{"start":{"line":58,"column":17},"end":{"line":58,"column":22}}]},"14":{"line":59,"type":"if","locations":[{"start":{"line":59,"column":6},"end":{"line":59,"column":6}},{"start":{"line":59,"column":6},"end":{"line":59,"column":6}}]},"15":{"line":66,"type":"if","locations":[{"start":{"line":66,"column":9},"end":{"line":66,"column":9}},{"start":{"line":66,"column":9},"end":{"line":66,"column":9}}]},"16":{"line":69,"type":"if","locations":[{"start":{"line":69,"column":9},"end":{"line":69,"column":9}},{"start":{"line":69,"column":9},"end":{"line":69,"column":9}}]},"17":{"line":73,"type":"if","locations":[{"start":{"line":73,"column":2},"end":{"line":73,"column":2}},{"start":{"line":73,"column":2},"end":{"line":73,"column":2}}]},"18":{"line":74,"type":"if","locations":[{"start":{"line":74,"column":4},"end":{"line":74,"column":4}},{"start":{"line":74,"column":4},"end":{"line":74,"column":4}}]},"19":{"line":74,"type":"binary-expr","locations":[{"start":{"line":74,"column":7},"end":{"line":74,"column":13}},{"start":{"line":74,"column":17},"end":{"line":74,"column":24}}]},"20":{"line":75,"type":"if","locations":[{"start":{"line":75,"column":6},"end":{"line":75,"column":6}},{"start":{"line":75,"column":6},"end":{"line":75,"column":6}}]},"21":{"line":82,"type":"if","locations":[{"start":{"line":82,"column":9},"end":{"line":82,"column":9}},{"start":{"line":82,"column":9},"end":{"line":82,"column":9}}]},"22":{"line":85,"type":"if","locations":[{"start":{"line":85,"column":9},"end":{"line":85,"column":9}},{"start":{"line":85,"column":9},"end":{"line":85,"column":9}}]},"23":{"line":89,"type":"if","locations":[{"start":{"line":89,"column":2},"end":{"line":89,"column":2}},{"start":{"line":89,"column":2},"end":{"line":89,"column":2}}]},"24":{"line":90,"type":"if","locations":[{"start":{"line":90,"column":4},"end":{"line":90,"column":4}},{"start":{"line":90,"column":4},"end":{"line":90,"column":4}}]},"25":{"line":90,"type":"binary-expr","locations":[{"start":{"line":90,"column":7},"end":{"line":90,"column":12}},{"start":{"line":90,"column":16},"end":{"line":90,"column":24}}]},"26":{"line":91,"type":"if","locations":[{"start":{"line":91,"column":6},"end":{"line":91,"column":6}},{"start":{"line":91,"column":6},"end":{"line":91,"column":6}}]},"27":{"line":98,"type":"if","locations":[{"start":{"line":98,"column":9},"end":{"line":98,"column":9}},{"start":{"line":98,"column":9},"end":{"line":98,"column":9}}]},"28":{"line":101,"type":"if","locations":[{"start":{"line":101,"column":9},"end":{"line":101,"column":9}},{"start":{"line":101,"column":9},"end":{"line":101,"column":9}}]},"29":{"line":105,"type":"if","locations":[{"start":{"line":105,"column":2},"end":{"line":105,"column":2}},{"start":{"line":105,"column":2},"end":{"line":105,"column":2}}]},"30":{"line":106,"type":"if","locations":[{"start":{"line":106,"column":4},"end":{"line":106,"column":4}},{"start":{"line":106,"column":4},"end":{"line":106,"column":4}}]},"31":{"line":106,"type":"binary-expr","locations":[{"start":{"line":106,"column":7},"end":{"line":106,"column":12}},{"start":{"line":106,"column":16},"end":{"line":106,"column":24}}]},"32":{"line":107,"type":"if","locations":[{"start":{"line":107,"column":6},"end":{"line":107,"column":6}},{"start":{"line":107,"column":6},"end":{"line":107,"column":6}}]},"33":{"line":114,"type":"if","locations":[{"start":{"line":114,"column":9},"end":{"line":114,"column":9}},{"start":{"line":114,"column":9},"end":{"line":114,"column":9}}]},"34":{"line":117,"type":"if","locations":[{"start":{"line":117,"column":9},"end":{"line":117,"column":9}},{"start":{"line":117,"column":9},"end":{"line":117,"column":9}}]},"35":{"line":121,"type":"if","locations":[{"start":{"line":121,"column":2},"end":{"line":121,"column":2}},{"start":{"line":121,"column":2},"end":{"line":121,"column":2}}]},"36":{"line":122,"type":"if","locations":[{"start":{"line":122,"column":4},"end":{"line":122,"column":4}},{"start":{"line":122,"column":4},"end":{"line":122,"column":4}}]},"37":{"line":122,"type":"binary-expr","locations":[{"start":{"line":122,"column":7},"end":{"line":122,"column":14}},{"start":{"line":122,"column":18},"end":{"line":122,"column":26}}]},"38":{"line":123,"type":"if","locations":[{"start":{"line":123,"column":6},"end":{"line":123,"column":6}},{"start":{"line":123,"column":6},"end":{"line":123,"column":6}}]},"39":{"line":130,"type":"if","locations":[{"start":{"line":130,"column":9},"end":{"line":130,"column":9}},{"start":{"line":130,"column":9},"end":{"line":130,"column":9}}]},"40":{"line":133,"type":"if","locations":[{"start":{"line":133,"column":9},"end":{"line":133,"column":9}},{"start":{"line":133,"column":9},"end":{"line":133,"column":9}}]},"41":{"line":146,"type":"switch","locations":[{"start":{"line":147,"column":4},"end":{"line":154,"column":12}},{"start":{"line":155,"column":4},"end":{"line":162,"column":12}},{"start":{"line":163,"column":4},"end":{"line":170,"column":12}},{"start":{"line":171,"column":4},"end":{"line":178,"column":12}},{"start":{"line":179,"column":4},"end":{"line":180,"column":29}}]},"42":{"line":148,"type":"if","locations":[{"start":{"line":148,"column":6},"end":{"line":148,"column":6}},{"start":{"line":148,"column":6},"end":{"line":148,"column":6}}]},"43":{"line":156,"type":"if","locations":[{"start":{"line":156,"column":6},"end":{"line":156,"column":6}},{"start":{"line":156,"column":6},"end":{"line":156,"column":6}}]},"44":{"line":164,"type":"if","locations":[{"start":{"line":164,"column":6},"end":{"line":164,"column":6}},{"start":{"line":164,"column":6},"end":{"line":164,"column":6}}]},"45":{"line":172,"type":"if","locations":[{"start":{"line":172,"column":6},"end":{"line":172,"column":6}},{"start":{"line":172,"column":6},"end":{"line":172,"column":6}}]}}},"/Users/svenkeinath/Desktop/squares/controllers/matchTicker/circuitsChecker.js":{"path":"/Users/svenkeinath/Desktop/squares/controllers/matchTicker/circuitsChecker.js","s":{"1":1,"2":1,"3":0,"4":0,"5":0,"6":0,"7":0,"8":0,"9":0,"10":1,"11":0,"12":0,"13":0,"14":0,"15":1,"16":0,"17":0,"18":0,"19":0,"20":0,"21":0,"22":0,"23":0,"24":0,"25":0,"26":0,"27":0,"28":0,"29":0,"30":0,"31":1,"32":0,"33":0,"34":1,"35":0,"36":0,"37":0,"38":0,"39":0,"40":0,"41":0,"42":0,"43":0,"44":1,"45":0,"46":0,"47":0,"48":0,"49":0,"50":0,"51":0,"52":0,"53":0,"54":0,"55":0,"56":0,"57":0,"58":0,"59":0,"60":0,"61":0,"62":0,"63":1,"64":0,"65":0,"66":0,"67":0,"68":0,"69":0,"70":0,"71":0,"72":0,"73":0,"74":0,"75":0,"76":0,"77":0,"78":0,"79":0,"80":0,"81":0,"82":0,"83":0,"84":0,"85":0,"86":0,"87":0,"88":0,"89":0,"90":0,"91":0,"92":1},"b":{"1":[0,0],"2":[0,0],"3":[0,0],"4":[0,0],"5":[0,0,0,0,0,0,0,0],"6":[0,0],"7":[0,0],"8":[0,0],"9":[0,0],"10":[0,0],"11":[0,0],"12":[0,0],"13":[0,0],"14":[0,0],"15":[0,0],"16":[0,0],"17":[0,0],"18":[0,0],"19":[0,0],"20":[0,0],"21":[0,0],"22":[0,0],"23":[0,0],"24":[0,0],"25":[0,0],"26":[0,0]},"f":{"1":0,"2":0,"3":0,"4":0,"5":0,"6":0,"7":0,"8":0,"9":0},"fnMap":{"1":{"name":"(anonymous_1)","line":3,"loc":{"start":{"line":3,"column":8},"end":{"line":3,"column":23}}},"2":{"name":"(anonymous_2)","line":15,"loc":{"start":{"line":15,"column":12},"end":{"line":15,"column":48}}},"3":{"name":"getVertices","line":22,"loc":{"start":{"line":22,"column":2},"end":{"line":22,"column":28}}},"4":{"name":"(anonymous_4)","line":25,"loc":{"start":{"line":25,"column":20},"end":{"line":25,"column":52}}},"5":{"name":"setAllSquaresUnvisited","line":54,"loc":{"start":{"line":54,"column":2},"end":{"line":54,"column":35}}},"6":{"name":"setPrefDir","line":60,"loc":{"start":{"line":60,"column":2},"end":{"line":60,"column":44}}},"7":{"name":"checkValidity","line":77,"loc":{"start":{"line":77,"column":2},"end":{"line":77,"column":53}}},"8":{"name":"(anonymous_8)","line":95,"loc":{"start":{"line":95,"column":19},"end":{"line":95,"column":33}}},"9":{"name":"dfs","line":111,"loc":{"start":{"line":111,"column":2},"end":{"line":111,"column":35}}}},"statementMap":{"1":{"start":{"line":1,"column":0},"end":{"line":1,"column":27}},"2":{"start":{"line":3,"column":0},"end":{"line":13,"column":2}},"3":{"start":{"line":4,"column":2},"end":{"line":4,"column":60}},"4":{"start":{"line":6,"column":2},"end":{"line":11,"column":3}},"5":{"start":{"line":7,"column":4},"end":{"line":7,"column":69}},"6":{"start":{"line":8,"column":4},"end":{"line":8,"column":42}},"7":{"start":{"line":9,"column":4},"end":{"line":9,"column":68}},"8":{"start":{"line":10,"column":4},"end":{"line":10,"column":43}},"9":{"start":{"line":12,"column":2},"end":{"line":12,"column":22}},"10":{"start":{"line":15,"column":0},"end":{"line":182,"column":1}},"11":{"start":{"line":17,"column":2},"end":{"line":17,"column":26}},"12":{"start":{"line":18,"column":2},"end":{"line":18,"column":17}},"13":{"start":{"line":19,"column":2},"end":{"line":19,"column":19}},"14":{"start":{"line":20,"column":2},"end":{"line":20,"column":17}},"15":{"start":{"line":22,"column":2},"end":{"line":52,"column":3}},"16":{"start":{"line":23,"column":4},"end":{"line":23,"column":31}},"17":{"start":{"line":25,"column":4},"end":{"line":33,"column":6}},"18":{"start":{"line":26,"column":6},"end":{"line":31,"column":7}},"19":{"start":{"line":27,"column":8},"end":{"line":27,"column":40}},"20":{"start":{"line":28,"column":8},"end":{"line":30,"column":9}},"21":{"start":{"line":29,"column":10},"end":{"line":29,"column":31}},"22":{"start":{"line":32,"column":6},"end":{"line":32,"column":62}},"23":{"start":{"line":35,"column":4},"end":{"line":40,"column":5}},"24":{"start":{"line":36,"column":6},"end":{"line":36,"column":53}},"25":{"start":{"line":37,"column":6},"end":{"line":39,"column":7}},"26":{"start":{"line":38,"column":8},"end":{"line":38,"column":34}},"27":{"start":{"line":43,"column":4},"end":{"line":50,"column":5}},"28":{"start":{"line":44,"column":6},"end":{"line":49,"column":7}},"29":{"start":{"line":48,"column":8},"end":{"line":48,"column":28}},"30":{"start":{"line":51,"column":4},"end":{"line":51,"column":20}},"31":{"start":{"line":54,"column":2},"end":{"line":58,"column":3}},"32":{"start":{"line":55,"column":4},"end":{"line":57,"column":5}},"33":{"start":{"line":56,"column":6},"end":{"line":56,"column":40}},"34":{"start":{"line":60,"column":2},"end":{"line":75,"column":3}},"35":{"start":{"line":61,"column":4},"end":{"line":74,"column":5}},"36":{"start":{"line":62,"column":6},"end":{"line":73,"column":7}},"37":{"start":{"line":63,"column":8},"end":{"line":63,"column":26}},"38":{"start":{"line":65,"column":11},"end":{"line":73,"column":7}},"39":{"start":{"line":66,"column":8},"end":{"line":66,"column":25}},"40":{"start":{"line":68,"column":11},"end":{"line":73,"column":7}},"41":{"start":{"line":69,"column":8},"end":{"line":69,"column":25}},"42":{"start":{"line":71,"column":11},"end":{"line":73,"column":7}},"43":{"start":{"line":72,"column":8},"end":{"line":72,"column":23}},"44":{"start":{"line":77,"column":2},"end":{"line":109,"column":3}},"45":{"start":{"line":80,"column":4},"end":{"line":80,"column":23}},"46":{"start":{"line":82,"column":4},"end":{"line":107,"column":5}},"47":{"start":{"line":84,"column":6},"end":{"line":84,"column":74}},"48":{"start":{"line":85,"column":6},"end":{"line":85,"column":78}},"49":{"start":{"line":87,"column":6},"end":{"line":103,"column":7}},"50":{"start":{"line":89,"column":8},"end":{"line":89,"column":23}},"51":{"start":{"line":90,"column":8},"end":{"line":94,"column":9}},"52":{"start":{"line":91,"column":10},"end":{"line":93,"column":11}},"53":{"start":{"line":92,"column":12},"end":{"line":92,"column":51}},"54":{"start":{"line":95,"column":8},"end":{"line":95,"column":47}},"55":{"start":{"line":95,"column":34},"end":{"line":95,"column":44}},"56":{"start":{"line":97,"column":8},"end":{"line":102,"column":9}},"57":{"start":{"line":98,"column":10},"end":{"line":98,"column":43}},"58":{"start":{"line":99,"column":10},"end":{"line":101,"column":11}},"59":{"start":{"line":100,"column":12},"end":{"line":100,"column":33}},"60":{"start":{"line":104,"column":6},"end":{"line":106,"column":7}},"61":{"start":{"line":105,"column":8},"end":{"line":105,"column":42}},"62":{"start":{"line":108,"column":4},"end":{"line":108,"column":22}},"63":{"start":{"line":111,"column":2},"end":{"line":177,"column":3}},"64":{"start":{"line":114,"column":4},"end":{"line":176,"column":5}},"65":{"start":{"line":117,"column":6},"end":{"line":122,"column":7}},"66":{"start":{"line":118,"column":8},"end":{"line":118,"column":30}},"67":{"start":{"line":121,"column":8},"end":{"line":121,"column":42}},"68":{"start":{"line":125,"column":6},"end":{"line":125,"column":34}},"69":{"start":{"line":128,"column":6},"end":{"line":128,"column":54}},"70":{"start":{"line":131,"column":6},"end":{"line":175,"column":7}},"71":{"start":{"line":133,"column":8},"end":{"line":174,"column":9}},"72":{"start":{"line":137,"column":10},"end":{"line":173,"column":11}},"73":{"start":{"line":140,"column":12},"end":{"line":140,"column":55}},"74":{"start":{"line":144,"column":12},"end":{"line":150,"column":13}},"75":{"start":{"line":145,"column":14},"end":{"line":145,"column":35}},"76":{"start":{"line":147,"column":14},"end":{"line":147,"column":37}},"77":{"start":{"line":148,"column":14},"end":{"line":148,"column":59}},"78":{"start":{"line":149,"column":14},"end":{"line":149,"column":34}},"79":{"start":{"line":154,"column":15},"end":{"line":173,"column":11}},"80":{"start":{"line":158,"column":12},"end":{"line":164,"column":13}},"81":{"start":{"line":159,"column":14},"end":{"line":159,"column":35}},"82":{"start":{"line":161,"column":14},"end":{"line":161,"column":37}},"83":{"start":{"line":162,"column":14},"end":{"line":162,"column":59}},"84":{"start":{"line":163,"column":14},"end":{"line":163,"column":34}},"85":{"start":{"line":168,"column":15},"end":{"line":173,"column":11}},"86":{"start":{"line":170,"column":12},"end":{"line":170,"column":30}},"87":{"start":{"line":171,"column":12},"end":{"line":171,"column":47}},"88":{"start":{"line":172,"column":12},"end":{"line":172,"column":39}},"89":{"start":{"line":179,"column":2},"end":{"line":179,"column":27}},"90":{"start":{"line":180,"column":2},"end":{"line":180,"column":27}},"91":{"start":{"line":181,"column":2},"end":{"line":181,"column":16}},"92":{"start":{"line":184,"column":0},"end":{"line":184,"column":22}}},"branchMap":{"1":{"line":26,"type":"if","locations":[{"start":{"line":26,"column":6},"end":{"line":26,"column":6}},{"start":{"line":26,"column":6},"end":{"line":26,"column":6}}]},"2":{"line":37,"type":"if","locations":[{"start":{"line":37,"column":6},"end":{"line":37,"column":6}},{"start":{"line":37,"column":6},"end":{"line":37,"column":6}}]},"3":{"line":37,"type":"binary-expr","locations":[{"start":{"line":37,"column":9},"end":{"line":37,"column":31}},{"start":{"line":37,"column":35},"end":{"line":37,"column":63}}]},"4":{"line":44,"type":"if","locations":[{"start":{"line":44,"column":6},"end":{"line":44,"column":6}},{"start":{"line":44,"column":6},"end":{"line":44,"column":6}}]},"5":{"line":44,"type":"binary-expr","locations":[{"start":{"line":44,"column":9},"end":{"line":44,"column":44}},{"start":{"line":44,"column":48},"end":{"line":44,"column":67}},{"start":{"line":45,"column":10},"end":{"line":45,"column":45}},{"start":{"line":45,"column":49},"end":{"line":45,"column":67}},{"start":{"line":46,"column":10},"end":{"line":46,"column":45}},{"start":{"line":46,"column":49},"end":{"line":46,"column":67}},{"start":{"line":47,"column":10},"end":{"line":47,"column":45}},{"start":{"line":47,"column":50},"end":{"line":47,"column":66}}]},"6":{"line":61,"type":"if","locations":[{"start":{"line":61,"column":4},"end":{"line":61,"column":4}},{"start":{"line":61,"column":4},"end":{"line":61,"column":4}}]},"7":{"line":62,"type":"if","locations":[{"start":{"line":62,"column":6},"end":{"line":62,"column":6}},{"start":{"line":62,"column":6},"end":{"line":62,"column":6}}]},"8":{"line":65,"type":"if","locations":[{"start":{"line":65,"column":11},"end":{"line":65,"column":11}},{"start":{"line":65,"column":11},"end":{"line":65,"column":11}}]},"9":{"line":68,"type":"if","locations":[{"start":{"line":68,"column":11},"end":{"line":68,"column":11}},{"start":{"line":68,"column":11},"end":{"line":68,"column":11}}]},"10":{"line":71,"type":"if","locations":[{"start":{"line":71,"column":11},"end":{"line":71,"column":11}},{"start":{"line":71,"column":11},"end":{"line":71,"column":11}}]},"11":{"line":82,"type":"if","locations":[{"start":{"line":82,"column":4},"end":{"line":82,"column":4}},{"start":{"line":82,"column":4},"end":{"line":82,"column":4}}]},"12":{"line":91,"type":"if","locations":[{"start":{"line":91,"column":10},"end":{"line":91,"column":10}},{"start":{"line":91,"column":10},"end":{"line":91,"column":10}}]},"13":{"line":99,"type":"if","locations":[{"start":{"line":99,"column":10},"end":{"line":99,"column":10}},{"start":{"line":99,"column":10},"end":{"line":99,"column":10}}]},"14":{"line":104,"type":"if","locations":[{"start":{"line":104,"column":6},"end":{"line":104,"column":6}},{"start":{"line":104,"column":6},"end":{"line":104,"column":6}}]},"15":{"line":114,"type":"if","locations":[{"start":{"line":114,"column":4},"end":{"line":114,"column":4}},{"start":{"line":114,"column":4},"end":{"line":114,"column":4}}]},"16":{"line":114,"type":"binary-expr","locations":[{"start":{"line":114,"column":7},"end":{"line":114,"column":16}},{"start":{"line":114,"column":20},"end":{"line":114,"column":36}}]},"17":{"line":117,"type":"if","locations":[{"start":{"line":117,"column":6},"end":{"line":117,"column":6}},{"start":{"line":117,"column":6},"end":{"line":117,"column":6}}]},"18":{"line":133,"type":"if","locations":[{"start":{"line":133,"column":8},"end":{"line":133,"column":8}},{"start":{"line":133,"column":8},"end":{"line":133,"column":8}}]},"19":{"line":137,"type":"if","locations":[{"start":{"line":137,"column":10},"end":{"line":137,"column":10}},{"start":{"line":137,"column":10},"end":{"line":137,"column":10}}]},"20":{"line":137,"type":"binary-expr","locations":[{"start":{"line":137,"column":13},"end":{"line":137,"column":35}},{"start":{"line":137,"column":39},"end":{"line":137,"column":79}}]},"21":{"line":144,"type":"if","locations":[{"start":{"line":144,"column":12},"end":{"line":144,"column":12}},{"start":{"line":144,"column":12},"end":{"line":144,"column":12}}]},"22":{"line":144,"type":"binary-expr","locations":[{"start":{"line":144,"column":15},"end":{"line":144,"column":27}},{"start":{"line":144,"column":31},"end":{"line":144,"column":52}}]},"23":{"line":154,"type":"if","locations":[{"start":{"line":154,"column":15},"end":{"line":154,"column":15}},{"start":{"line":154,"column":15},"end":{"line":154,"column":15}}]},"24":{"line":154,"type":"binary-expr","locations":[{"start":{"line":154,"column":18},"end":{"line":154,"column":40}},{"start":{"line":154,"column":45},"end":{"line":154,"column":82}}]},"25":{"line":158,"type":"if","locations":[{"start":{"line":158,"column":12},"end":{"line":158,"column":12}},{"start":{"line":158,"column":12},"end":{"line":158,"column":12}}]},"26":{"line":168,"type":"if","locations":[{"start":{"line":168,"column":15},"end":{"line":168,"column":15}},{"start":{"line":168,"column":15},"end":{"line":168,"column":15}}]}}},"/Users/svenkeinath/Desktop/squares/clientInterface/createMatchSockets.js":{"path":"/Users/svenkeinath/Desktop/squares/clientInterface/createMatchSockets.js","s":{"1":1,"2":1,"3":0,"4":0,"5":0,"6":0,"7":0,"8":0,"9":0,"10":0,"11":0,"12":0,"13":0,"14":0,"15":1,"16":0,"17":0,"18":0,"19":0,"20":0,"21":0,"22":0,"23":0,"24":0,"25":0,"26":0,"27":1,"28":1},"b":{"1":[0,0],"2":[0,0],"3":[0,0],"4":[0,0]},"f":{"1":0,"2":0,"3":0},"fnMap":{"1":{"name":"respond","line":3,"loc":{"start":{"line":3,"column":0},"end":{"line":3,"column":24}}},"2":{"name":"(anonymous_2)","line":4,"loc":{"start":{"line":4,"column":29},"end":{"line":4,"column":46}}},"3":{"name":"sendMatchReadyEvent","line":26,"loc":{"start":{"line":26,"column":0},"end":{"line":26,"column":37}}}},"statementMap":{"1":{"start":{"line":1,"column":0},"end":{"line":1,"column":57}},"2":{"start":{"line":3,"column":0},"end":{"line":24,"column":1}},"3":{"start":{"line":4,"column":2},"end":{"line":23,"column":5}},"4":{"start":{"line":5,"column":6},"end":{"line":5,"column":68}},"5":{"start":{"line":6,"column":6},"end":{"line":22,"column":7}},"6":{"start":{"line":7,"column":8},"end":{"line":7,"column":52}},"7":{"start":{"line":8,"column":8},"end":{"line":8,"column":68}},"8":{"start":{"line":9,"column":8},"end":{"line":9,"column":44}},"9":{"start":{"line":12,"column":8},"end":{"line":12,"column":63}},"10":{"start":{"line":13,"column":8},"end":{"line":21,"column":9}},"11":{"start":{"line":14,"column":10},"end":{"line":14,"column":54}},"12":{"start":{"line":15,"column":10},"end":{"line":15,"column":70}},"13":{"start":{"line":16,"column":10},"end":{"line":16,"column":47}},"14":{"start":{"line":20,"column":10},"end":{"line":20,"column":42}},"15":{"start":{"line":26,"column":0},"end":{"line":45,"column":1}},"16":{"start":{"line":27,"column":2},"end":{"line":27,"column":64}},"17":{"start":{"line":28,"column":2},"end":{"line":44,"column":3}},"18":{"start":{"line":29,"column":4},"end":{"line":29,"column":48}},"19":{"start":{"line":30,"column":4},"end":{"line":30,"column":65}},"20":{"start":{"line":31,"column":4},"end":{"line":31,"column":40}},"21":{"start":{"line":34,"column":4},"end":{"line":34,"column":56}},"22":{"start":{"line":35,"column":4},"end":{"line":43,"column":5}},"23":{"start":{"line":36,"column":6},"end":{"line":36,"column":50}},"24":{"start":{"line":37,"column":6},"end":{"line":37,"column":67}},"25":{"start":{"line":38,"column":6},"end":{"line":38,"column":40}},"26":{"start":{"line":42,"column":6},"end":{"line":42,"column":46}},"27":{"start":{"line":47,"column":0},"end":{"line":47,"column":26}},"28":{"start":{"line":48,"column":0},"end":{"line":48,"column":50}}},"branchMap":{"1":{"line":6,"type":"if","locations":[{"start":{"line":6,"column":6},"end":{"line":6,"column":6}},{"start":{"line":6,"column":6},"end":{"line":6,"column":6}}]},"2":{"line":13,"type":"if","locations":[{"start":{"line":13,"column":8},"end":{"line":13,"column":8}},{"start":{"line":13,"column":8},"end":{"line":13,"column":8}}]},"3":{"line":28,"type":"if","locations":[{"start":{"line":28,"column":2},"end":{"line":28,"column":2}},{"start":{"line":28,"column":2},"end":{"line":28,"column":2}}]},"4":{"line":35,"type":"if","locations":[{"start":{"line":35,"column":4},"end":{"line":35,"column":4}},{"start":{"line":35,"column":4},"end":{"line":35,"column":4}}]}}},"/Users/svenkeinath/Desktop/squares/models/player.js":{"path":"/Users/svenkeinath/Desktop/squares/models/player.js","s":{"1":1,"2":1,"3":20,"4":20,"5":20,"6":20,"7":20,"8":20,"9":20,"10":20,"11":20,"12":20,"13":10,"14":10,"15":10,"16":9,"17":9,"18":9,"19":1,"20":1,"21":1,"22":0,"23":0,"24":0,"25":20,"26":20,"27":2,"28":1},"b":{"1":[10,9,1,0],"2":[2,18]},"f":{"1":20},"fnMap":{"1":{"name":"Player","line":3,"loc":{"start":{"line":3,"column":0},"end":{"line":3,"column":44}}}},"statementMap":{"1":{"start":{"line":1,"column":0},"end":{"line":1,"column":49}},"2":{"start":{"line":3,"column":0},"end":{"line":40,"column":1}},"3":{"start":{"line":4,"column":2},"end":{"line":4,"column":19}},"4":{"start":{"line":5,"column":2},"end":{"line":5,"column":18}},"5":{"start":{"line":6,"column":2},"end":{"line":6,"column":20}},"6":{"start":{"line":7,"column":2},"end":{"line":7,"column":35}},"7":{"start":{"line":8,"column":2},"end":{"line":8,"column":25}},"8":{"start":{"line":9,"column":2},"end":{"line":9,"column":21}},"9":{"start":{"line":10,"column":2},"end":{"line":10,"column":30}},"10":{"start":{"line":11,"column":2},"end":{"line":11,"column":17}},"11":{"start":{"line":13,"column":2},"end":{"line":13,"column":60}},"12":{"start":{"line":16,"column":2},"end":{"line":33,"column":3}},"13":{"start":{"line":18,"column":8},"end":{"line":18,"column":28}},"14":{"start":{"line":19,"column":8},"end":{"line":19,"column":53}},"15":{"start":{"line":20,"column":8},"end":{"line":20,"column":14}},"16":{"start":{"line":22,"column":8},"end":{"line":22,"column":30}},"17":{"start":{"line":23,"column":8},"end":{"line":23,"column":55}},"18":{"start":{"line":24,"column":8},"end":{"line":24,"column":14}},"19":{"start":{"line":26,"column":8},"end":{"line":26,"column":29}},"20":{"start":{"line":27,"column":8},"end":{"line":27,"column":54}},"21":{"start":{"line":28,"column":8},"end":{"line":28,"column":14}},"22":{"start":{"line":30,"column":8},"end":{"line":30,"column":27}},"23":{"start":{"line":31,"column":8},"end":{"line":31,"column":52}},"24":{"start":{"line":32,"column":8},"end":{"line":32,"column":14}},"25":{"start":{"line":35,"column":2},"end":{"line":35,"column":32}},"26":{"start":{"line":36,"column":2},"end":{"line":38,"column":3}},"27":{"start":{"line":37,"column":4},"end":{"line":37,"column":13}},"28":{"start":{"line":42,"column":0},"end":{"line":42,"column":24}}},"branchMap":{"1":{"line":16,"type":"switch","locations":[{"start":{"line":17,"column":4},"end":{"line":20,"column":14}},{"start":{"line":21,"column":4},"end":{"line":24,"column":14}},{"start":{"line":25,"column":4},"end":{"line":28,"column":14}},{"start":{"line":29,"column":4},"end":{"line":32,"column":14}}]},"2":{"line":36,"type":"if","locations":[{"start":{"line":36,"column":2},"end":{"line":36,"column":2}},{"start":{"line":36,"column":2},"end":{"line":36,"column":2}}]}}}}