TN:
SF:/Users/svenkeinath/Desktop/squares/models/board.js
FN:3,Board
FN:122,(anonymous_2)
FN:131,(anonymous_3)
FNF:3
FNH:2
FNDA:27,Board
FNDA:2,(anonymous_2)
FNDA:0,(anonymous_3)
DA:1,1
DA:3,1
DA:4,27
DA:5,27
DA:6,27
DA:7,27
DA:11,27
DA:12,27
DA:14,27
DA:15,27
DA:16,27
DA:17,27
DA:18,27
DA:19,27
DA:20,27
DA:21,27
DA:22,27
DA:24,27
DA:26,27
DA:27,27
DA:28,27
DA:29,27
DA:30,27
DA:31,27
DA:32,27
DA:33,27
DA:34,27
DA:36,27
DA:38,27
DA:39,27
DA:40,27
DA:41,27
DA:42,27
DA:43,27
DA:44,27
DA:45,27
DA:46,27
DA:48,27
DA:50,27
DA:51,27
DA:52,27
DA:53,27
DA:54,27
DA:55,27
DA:56,27
DA:57,27
DA:58,27
DA:60,27
DA:62,27
DA:63,27
DA:64,27
DA:65,27
DA:66,27
DA:67,27
DA:68,27
DA:69,27
DA:70,27
DA:72,27
DA:74,27
DA:75,27
DA:76,27
DA:77,27
DA:78,27
DA:79,27
DA:80,27
DA:81,27
DA:82,27
DA:84,27
DA:86,27
DA:87,27
DA:88,27
DA:89,27
DA:90,27
DA:91,27
DA:92,27
DA:93,27
DA:94,27
DA:96,27
DA:98,27
DA:99,27
DA:100,27
DA:101,27
DA:102,27
DA:103,27
DA:104,27
DA:105,27
DA:106,27
DA:108,27
DA:110,27
DA:111,27
DA:112,27
DA:113,27
DA:114,27
DA:115,27
DA:116,27
DA:117,27
DA:118,27
DA:120,27
DA:122,27
DA:123,2
DA:124,87
DA:125,1
DA:128,1
DA:131,27
DA:132,0
DA:133,0
DA:134,0
DA:137,0
DA:142,1
LF:109
LH:105
BRDA:124,1,0,1
BRDA:124,1,1,86
BRDA:133,2,0,0
BRDA:133,2,1,0
BRDA:133,3,0,0
BRDA:133,3,1,0
BRF:6
BRH:2
end_of_record
TN:
SF:/Users/svenkeinath/Desktop/squares/models/square.js
FN:1,Square
FNF:1
FNH:1
FNDA:2189,Square
DA:1,1
DA:2,2189
DA:3,2189
DA:4,2189
DA:5,2189
DA:6,2189
DA:9,2189
DA:11,28
DA:12,28
DA:14,27
DA:15,27
DA:17,28
DA:18,28
DA:20,27
DA:21,27
DA:28,1
LF:16
LH:16
BRDA:9,1,0,28
BRDA:9,1,1,27
BRDA:9,1,2,28
BRDA:9,1,3,27
BRF:4
BRH:4
end_of_record
TN:
SF:/Users/svenkeinath/Desktop/squares/models/match.js
FN:6,Match
FN:21,(anonymous_2)
FN:44,(anonymous_3)
FN:78,(anonymous_4)
FN:87,(anonymous_5)
FN:96,(anonymous_6)
FNF:6
FNH:6
FNDA:24,Match
FNDA:24,(anonymous_2)
FNDA:20,(anonymous_3)
FNDA:2,(anonymous_4)
FNDA:2,(anonymous_5)
FNDA:2,(anonymous_6)
DA:1,1
DA:2,1
DA:3,1
DA:4,1
DA:6,1
DA:7,24
DA:8,24
DA:9,24
DA:10,24
DA:11,24
DA:12,24
DA:13,24
DA:15,24
DA:18,24
DA:21,1
DA:22,24
DA:27,24
DA:28,4486
DA:29,4486
DA:31,4486
DA:32,4486
DA:33,13519
DA:34,4462
DA:37,4486
DA:38,24
DA:41,24
DA:44,1
DA:45,20
DA:46,20
DA:47,11
DA:48,1
DA:51,20
DA:52,20
DA:53,10
DA:54,1
DA:55,1
DA:59,20
DA:60,0
DA:62,20
DA:63,1
DA:65,19
DA:66,1
DA:70,18
DA:71,18
DA:73,0
DA:78,1
DA:79,2
DA:80,3
DA:81,1
DA:84,1
DA:87,1
DA:88,2
DA:89,3
DA:90,1
DA:93,1
DA:96,1
DA:97,2
DA:98,3
DA:99,1
DA:102,1
DA:105,1
LF:61
LH:59
BRDA:33,1,0,4462
BRDA:33,1,1,9057
BRDA:37,2,0,24
BRDA:37,2,1,4462
BRDA:47,3,0,1
BRDA:47,3,1,10
BRDA:52,4,0,10
BRDA:52,4,1,10
BRDA:54,5,0,1
BRDA:54,5,1,0
BRDA:59,6,0,0
BRDA:59,6,1,20
BRDA:62,7,0,1
BRDA:62,7,1,19
BRDA:65,8,0,1
BRDA:65,8,1,18
BRDA:71,9,0,0
BRDA:71,9,1,18
BRDA:80,10,0,1
BRDA:80,10,1,2
BRDA:89,11,0,1
BRDA:89,11,1,2
BRDA:98,12,0,1
BRDA:98,12,1,2
BRF:24
BRH:21
end_of_record
TN:
SF:/Users/svenkeinath/Desktop/squares/models/matchesManager.js
FN:1,MatchesManager
FN:5,(anonymous_2)
FN:9,(anonymous_3)
FN:18,(anonymous_4)
FN:34,(anonymous_5)
FN:37,createInstance
FNF:6
FNH:6
FNDA:1,MatchesManager
FNDA:24,(anonymous_2)
FNDA:23,(anonymous_3)
FNDA:25,(anonymous_4)
FNDA:1,(anonymous_5)
FNDA:1,createInstance
DA:1,1
DA:2,1
DA:5,1
DA:6,24
DA:9,1
DA:10,23
DA:11,26
DA:12,21
DA:15,2
DA:18,1
DA:19,25
DA:20,25
DA:21,37
DA:22,24
DA:23,24
DA:24,24
DA:27,25
DA:28,1
DA:34,1
DA:35,1
DA:37,1
DA:38,1
DA:39,1
DA:41,1
DA:42,1
DA:44,1
DA:48,1
LF:27
LH:27
BRDA:11,1,0,21
BRDA:11,1,1,5
BRDA:21,2,0,24
BRDA:21,2,1,13
BRDA:27,3,0,1
BRDA:27,3,1,24
BRDA:41,4,0,1
BRDA:41,4,1,0
BRF:8
BRH:7
end_of_record
TN:
SF:/Users/svenkeinath/Desktop/squares/controllers/matchController.js
FN:6,MatchController
FN:10,(anonymous_2)
FN:14,(anonymous_3)
FN:15,decrementCountdown
FN:17,(anonymous_5)
FN:36,(anonymous_6)
FN:37,durationDecrement
FN:38,(anonymous_8)
FN:52,(anonymous_9)
FN:53,tick
FN:76,(anonymous_11)
FNF:11
FNH:1
FNDA:24,MatchController
FNDA:0,(anonymous_2)
FNDA:0,(anonymous_3)
FNDA:0,decrementCountdown
FNDA:0,(anonymous_5)
FNDA:0,(anonymous_6)
FNDA:0,durationDecrement
FNDA:0,(anonymous_8)
FNDA:0,(anonymous_9)
FNDA:0,tick
FNDA:0,(anonymous_11)
DA:1,1
DA:2,1
DA:3,1
DA:4,1
DA:6,1
DA:7,24
DA:10,1
DA:11,0
DA:14,1
DA:15,1
DA:16,0
DA:17,0
DA:18,0
DA:19,0
DA:20,0
DA:21,0
DA:22,0
DA:26,0
DA:27,0
DA:28,0
DA:32,0
DA:33,0
DA:36,1
DA:37,1
DA:38,0
DA:39,0
DA:40,0
DA:41,0
DA:44,0
DA:48,0
DA:49,0
DA:52,1
DA:53,1
DA:54,0
DA:55,0
DA:58,0
DA:60,0
DA:62,0
DA:65,0
DA:66,0
DA:67,0
DA:68,0
DA:71,0
DA:72,0
DA:73,0
DA:76,0
DA:77,0
DA:78,0
DA:79,0
DA:84,0
DA:87,0
DA:88,0
DA:91,1
LF:53
LH:14
BRDA:20,1,0,0
BRDA:20,1,1,0
BRDA:40,2,0,0
BRDA:40,2,1,0
BRDA:54,3,0,0
BRDA:54,3,1,0
BRDA:72,4,0,0
BRDA:72,4,1,0
BRDA:78,5,0,0
BRDA:78,5,1,0
BRF:10
BRH:0
end_of_record
TN:
SF:/Users/svenkeinath/Desktop/squares/clientInterface/matchSockets.js
FN:7,respond
FN:9,(anonymous_2)
FN:10,playerJoined
FN:28,(anonymous_4)
FN:33,(anonymous_5)
FN:38,(anonymous_6)
FN:43,(anonymous_7)
FN:54,sendPlayerConnectedEvent
FN:64,sendPrepareGameEvent
FN:80,sendUpdateBoardEvent
FN:91,sendUpdateScoreEvent
FN:104,sendCountdownEvent
FNF:12
FNH:0
FNDA:0,respond
FNDA:0,(anonymous_2)
FNDA:0,playerJoined
FNDA:0,(anonymous_4)
FNDA:0,(anonymous_5)
FNDA:0,(anonymous_6)
FNDA:0,(anonymous_7)
FNDA:0,sendPlayerConnectedEvent
FNDA:0,sendPrepareGameEvent
FNDA:0,sendUpdateBoardEvent
FNDA:0,sendUpdateScoreEvent
FNDA:0,sendCountdownEvent
DA:1,1
DA:7,1
DA:9,0
DA:10,1
DA:12,0
DA:15,0
DA:16,0
DA:17,0
DA:20,0
DA:21,0
DA:23,0
DA:25,0
DA:28,0
DA:29,0
DA:30,0
DA:33,0
DA:34,0
DA:35,0
DA:38,0
DA:39,0
DA:40,0
DA:43,0
DA:44,0
DA:45,0
DA:54,1
DA:55,0
DA:58,0
DA:59,0
DA:64,1
DA:65,0
DA:66,0
DA:67,0
DA:68,0
DA:73,0
DA:74,0
DA:75,0
DA:80,1
DA:81,0
DA:82,0
DA:84,0
DA:85,0
DA:86,0
DA:91,1
DA:92,0
DA:93,0
DA:97,0
DA:98,0
DA:99,0
DA:104,1
DA:105,0
DA:106,0
DA:110,1
DA:111,1
DA:112,1
DA:113,1
DA:114,1
DA:115,1
LF:57
LH:14
BRDA:15,1,0,0
BRDA:15,1,1,0
BRF:2
BRH:0
end_of_record
TN:
SF:/Users/svenkeinath/Desktop/squares/controllers/matchTicker/positionUpdater.js
FN:2,(anonymous_1)
FN:18,(anonymous_2)
FN:145,(anonymous_3)
FNF:3
FNH:0
FNDA:0,(anonymous_1)
FNDA:0,(anonymous_2)
FNDA:0,(anonymous_3)
DA:2,1
DA:3,0
DA:6,0
DA:7,0
DA:8,0
DA:9,0
DA:12,0
DA:13,0
DA:14,0
DA:15,0
DA:18,1
DA:22,0
DA:23,0
DA:24,0
DA:25,0
DA:28,0
DA:29,0
DA:30,0
DA:31,0
DA:34,0
DA:35,0
DA:36,0
DA:37,0
DA:38,0
DA:41,0
DA:42,0
DA:43,0
DA:44,0
DA:47,0
DA:50,0
DA:51,0
DA:53,0
DA:54,0
DA:57,0
DA:58,0
DA:59,0
DA:60,0
DA:63,0
DA:66,0
DA:67,0
DA:69,0
DA:70,0
DA:73,0
DA:74,0
DA:75,0
DA:76,0
DA:79,0
DA:82,0
DA:83,0
DA:85,0
DA:86,0
DA:89,0
DA:90,0
DA:91,0
DA:92,0
DA:95,0
DA:98,0
DA:99,0
DA:101,0
DA:102,0
DA:105,0
DA:106,0
DA:107,0
DA:108,0
DA:111,0
DA:114,0
DA:115,0
DA:117,0
DA:118,0
DA:121,0
DA:122,0
DA:123,0
DA:124,0
DA:127,0
DA:130,0
DA:131,0
DA:133,0
DA:134,0
DA:138,0
DA:142,0
DA:145,1
DA:146,0
DA:148,0
DA:149,0
DA:152,0
DA:154,0
DA:156,0
DA:157,0
DA:160,0
DA:162,0
DA:164,0
DA:165,0
DA:168,0
DA:170,0
DA:172,0
DA:173,0
DA:176,0
DA:178,0
DA:180,0
DA:184,1
LF:100
LH:4
BRDA:35,1,0,0
BRDA:35,1,1,0
BRDA:36,2,0,0
BRDA:36,2,1,0
BRDA:37,3,0,0
BRDA:37,3,1,0
BRDA:38,4,0,0
BRDA:38,4,1,0
BRDA:41,5,0,0
BRDA:41,5,1,0
BRDA:42,6,0,0
BRDA:42,6,1,0
BRDA:42,7,0,0
BRDA:42,7,1,0
BRDA:43,8,0,0
BRDA:43,8,1,0
BRDA:50,9,0,0
BRDA:50,9,1,0
BRDA:53,10,0,0
BRDA:53,10,1,0
BRDA:57,11,0,0
BRDA:57,11,1,0
BRDA:58,12,0,0
BRDA:58,12,1,0
BRDA:58,13,0,0
BRDA:58,13,1,0
BRDA:59,14,0,0
BRDA:59,14,1,0
BRDA:66,15,0,0
BRDA:66,15,1,0
BRDA:69,16,0,0
BRDA:69,16,1,0
BRDA:73,17,0,0
BRDA:73,17,1,0
BRDA:74,18,0,0
BRDA:74,18,1,0
BRDA:74,19,0,0
BRDA:74,19,1,0
BRDA:75,20,0,0
BRDA:75,20,1,0
BRDA:82,21,0,0
BRDA:82,21,1,0
BRDA:85,22,0,0
BRDA:85,22,1,0
BRDA:89,23,0,0
BRDA:89,23,1,0
BRDA:90,24,0,0
BRDA:90,24,1,0
BRDA:90,25,0,0
BRDA:90,25,1,0
BRDA:91,26,0,0
BRDA:91,26,1,0
BRDA:98,27,0,0
BRDA:98,27,1,0
BRDA:101,28,0,0
BRDA:101,28,1,0
BRDA:105,29,0,0
BRDA:105,29,1,0
BRDA:106,30,0,0
BRDA:106,30,1,0
BRDA:106,31,0,0
BRDA:106,31,1,0
BRDA:107,32,0,0
BRDA:107,32,1,0
BRDA:114,33,0,0
BRDA:114,33,1,0
BRDA:117,34,0,0
BRDA:117,34,1,0
BRDA:121,35,0,0
BRDA:121,35,1,0
BRDA:122,36,0,0
BRDA:122,36,1,0
BRDA:122,37,0,0
BRDA:122,37,1,0
BRDA:123,38,0,0
BRDA:123,38,1,0
BRDA:130,39,0,0
BRDA:130,39,1,0
BRDA:133,40,0,0
BRDA:133,40,1,0
BRDA:146,41,0,0
BRDA:146,41,1,0
BRDA:146,41,2,0
BRDA:146,41,3,0
BRDA:146,41,4,0
BRDA:148,42,0,0
BRDA:148,42,1,0
BRDA:156,43,0,0
BRDA:156,43,1,0
BRDA:164,44,0,0
BRDA:164,44,1,0
BRDA:172,45,0,0
BRDA:172,45,1,0
BRF:93
BRH:0
end_of_record
TN:
SF:/Users/svenkeinath/Desktop/squares/controllers/matchTicker/circuitsChecker.js
FN:3,(anonymous_1)
FN:15,(anonymous_2)
FN:22,getVertices
FN:25,(anonymous_4)
FN:54,setAllSquaresUnvisited
FN:60,setPrefDir
FN:77,checkValidity
FN:95,(anonymous_8)
FN:111,dfs
FNF:9
FNH:0
FNDA:0,(anonymous_1)
FNDA:0,(anonymous_2)
FNDA:0,getVertices
FNDA:0,(anonymous_4)
FNDA:0,setAllSquaresUnvisited
FNDA:0,setPrefDir
FNDA:0,checkValidity
FNDA:0,(anonymous_8)
FNDA:0,dfs
DA:1,1
DA:3,1
DA:4,0
DA:6,0
DA:7,0
DA:8,0
DA:9,0
DA:10,0
DA:12,0
DA:15,1
DA:17,0
DA:18,0
DA:19,0
DA:20,0
DA:22,1
DA:23,0
DA:25,0
DA:26,0
DA:27,0
DA:28,0
DA:29,0
DA:32,0
DA:35,0
DA:36,0
DA:37,0
DA:38,0
DA:43,0
DA:44,0
DA:48,0
DA:51,0
DA:54,1
DA:55,0
DA:56,0
DA:60,1
DA:61,0
DA:62,0
DA:63,0
DA:65,0
DA:66,0
DA:68,0
DA:69,0
DA:71,0
DA:72,0
DA:77,1
DA:80,0
DA:82,0
DA:84,0
DA:85,0
DA:87,0
DA:89,0
DA:90,0
DA:91,0
DA:92,0
DA:95,0
DA:97,0
DA:98,0
DA:99,0
DA:100,0
DA:104,0
DA:105,0
DA:108,0
DA:111,1
DA:114,0
DA:117,0
DA:118,0
DA:121,0
DA:125,0
DA:128,0
DA:131,0
DA:133,0
DA:137,0
DA:140,0
DA:144,0
DA:145,0
DA:147,0
DA:148,0
DA:149,0
DA:154,0
DA:158,0
DA:159,0
DA:161,0
DA:162,0
DA:163,0
DA:168,0
DA:170,0
DA:171,0
DA:172,0
DA:179,0
DA:180,0
DA:181,0
DA:184,1
LF:91
LH:9
BRDA:26,1,0,0
BRDA:26,1,1,0
BRDA:37,2,0,0
BRDA:37,2,1,0
BRDA:37,3,0,0
BRDA:37,3,1,0
BRDA:44,4,0,0
BRDA:44,4,1,0
BRDA:44,5,0,0
BRDA:44,5,1,0
BRDA:44,5,2,0
BRDA:44,5,3,0
BRDA:44,5,4,0
BRDA:44,5,5,0
BRDA:44,5,6,0
BRDA:44,5,7,0
BRDA:61,6,0,0
BRDA:61,6,1,0
BRDA:62,7,0,0
BRDA:62,7,1,0
BRDA:65,8,0,0
BRDA:65,8,1,0
BRDA:68,9,0,0
BRDA:68,9,1,0
BRDA:71,10,0,0
BRDA:71,10,1,0
BRDA:82,11,0,0
BRDA:82,11,1,0
BRDA:91,12,0,0
BRDA:91,12,1,0
BRDA:99,13,0,0
BRDA:99,13,1,0
BRDA:104,14,0,0
BRDA:104,14,1,0
BRDA:114,15,0,0
BRDA:114,15,1,0
BRDA:114,16,0,0
BRDA:114,16,1,0
BRDA:117,17,0,0
BRDA:117,17,1,0
BRDA:133,18,0,0
BRDA:133,18,1,0
BRDA:137,19,0,0
BRDA:137,19,1,0
BRDA:137,20,0,0
BRDA:137,20,1,0
BRDA:144,21,0,0
BRDA:144,21,1,0
BRDA:144,22,0,0
BRDA:144,22,1,0
BRDA:154,23,0,0
BRDA:154,23,1,0
BRDA:154,24,0,0
BRDA:154,24,1,0
BRDA:158,25,0,0
BRDA:158,25,1,0
BRDA:168,26,0,0
BRDA:168,26,1,0
BRF:58
BRH:0
end_of_record
TN:
SF:/Users/svenkeinath/Desktop/squares/clientInterface/createMatchSockets.js
FN:3,respond
FN:4,(anonymous_2)
FN:26,sendMatchReadyEvent
FNF:3
FNH:0
FNDA:0,respond
FNDA:0,(anonymous_2)
FNDA:0,sendMatchReadyEvent
DA:1,1
DA:3,1
DA:4,0
DA:5,0
DA:6,0
DA:7,0
DA:8,0
DA:9,0
DA:12,0
DA:13,0
DA:14,0
DA:15,0
DA:16,0
DA:20,0
DA:26,1
DA:27,0
DA:28,0
DA:29,0
DA:30,0
DA:31,0
DA:34,0
DA:35,0
DA:36,0
DA:37,0
DA:38,0
DA:42,0
DA:47,1
DA:48,1
LF:28
LH:5
BRDA:6,1,0,0
BRDA:6,1,1,0
BRDA:13,2,0,0
BRDA:13,2,1,0
BRDA:28,3,0,0
BRDA:28,3,1,0
BRDA:35,4,0,0
BRDA:35,4,1,0
BRF:8
BRH:0
end_of_record
TN:
SF:/Users/svenkeinath/Desktop/squares/models/player.js
FN:3,Player
FNF:1
FNH:1
FNDA:20,Player
DA:1,1
DA:3,1
DA:4,20
DA:5,20
DA:6,20
DA:7,20
DA:8,20
DA:9,20
DA:10,20
DA:11,20
DA:13,20
DA:16,20
DA:18,10
DA:19,10
DA:20,10
DA:22,9
DA:23,9
DA:24,9
DA:26,1
DA:27,1
DA:28,1
DA:30,0
DA:31,0
DA:32,0
DA:35,20
DA:36,20
DA:37,2
DA:42,1
LF:28
LH:25
BRDA:16,1,0,10
BRDA:16,1,1,9
BRDA:16,1,2,1
BRDA:16,1,3,0
BRDA:36,2,0,2
BRDA:36,2,1,18
BRF:6
BRH:5
end_of_record
